<?xml version="1.0" encoding="UTF-8"?>
<testsuite name="com.reserve.illoomung.domain.repository.StoresRepositoryTest" tests="1" skipped="0" failures="1" errors="0" timestamp="2025-10-01T04:49:42.186Z" hostname="junyoungui-MacBookPro.local" time="0.684">
  <properties/>
  <testcase name="saveStores()" classname="com.reserve.illoomung.domain.repository.StoresRepositoryTest" time="0.684">
    <failure message="java.lang.NullPointerException" type="java.lang.NullPointerException">java.lang.NullPointerException
	at java.base/java.util.Objects.requireNonNull(Objects.java:233)
	at java.base/java.util.ImmutableCollections$List12.&lt;init&gt;(ImmutableCollections.java:563)
	at java.base/java.util.List.of(List.java:937)
	at com.reserve.illoomung.application.business.BusinessServiceImpl.saveStore(BusinessServiceImpl.java:120)
	at com.reserve.illoomung.application.business.BusinessServiceImpl.createTestStore(BusinessServiceImpl.java:183)
	at java.base/jdk.internal.reflect.DirectMethodHandleAccessor.invoke(DirectMethodHandleAccessor.java:103)
	at java.base/java.lang.reflect.Method.invoke(Method.java:580)
	at org.springframework.aop.support.AopUtils.invokeJoinpointUsingReflection(AopUtils.java:360)
	at org.springframework.aop.framework.ReflectiveMethodInvocation.invokeJoinpoint(ReflectiveMethodInvocation.java:196)
	at org.springframework.aop.framework.ReflectiveMethodInvocation.proceed(ReflectiveMethodInvocation.java:163)
	at org.springframework.transaction.interceptor.TransactionAspectSupport.invokeWithinTransaction(TransactionAspectSupport.java:380)
	at org.springframework.transaction.interceptor.TransactionInterceptor.invoke(TransactionInterceptor.java:119)
	at org.springframework.aop.framework.ReflectiveMethodInvocation.proceed(ReflectiveMethodInvocation.java:184)
	at org.springframework.aop.framework.CglibAopProxy$DynamicAdvisedInterceptor.intercept(CglibAopProxy.java:728)
	at com.reserve.illoomung.application.business.BusinessServiceImpl$$SpringCGLIB$$0.createTestStore(&lt;generated&gt;)
	at com.reserve.illoomung.domain.repository.StoresRepositoryTest.saveStores(StoresRepositoryTest.java:67)
	at java.base/java.lang.reflect.Method.invoke(Method.java:580)
	at java.base/java.util.ArrayList.forEach(ArrayList.java:1596)
	at java.base/java.util.ArrayList.forEach(ArrayList.java:1596)
</failure>
  </testcase>
  <system-out><![CDATA[13:49:39.347 [Test worker] INFO org.springframework.test.context.support.AnnotationConfigContextLoaderUtils -- Could not detect default configuration classes for test class [com.reserve.illoomung.domain.repository.StoresRepositoryTest]: StoresRepositoryTest does not declare any static, non-private, non-final, nested classes annotated with @Configuration.
13:49:39.395 [Test worker] INFO org.springframework.boot.test.context.SpringBootTestContextBootstrapper -- Found @SpringBootConfiguration com.reserve.illoomung.IlloomungApplication for test class com.reserve.illoomung.domain.repository.StoresRepositoryTest

  .   ____          _            __ _ _
 /\\ / ___'_ __ _ _(_)_ __  __ _ \ \ \ \
( ( )\___ | '_ | '_| | '_ \/ _` | \ \ \ \
 \\/  ___)| |_)| | | | | || (_| |  ) ) ) )
  '  |____| .__|_| |_|_| |_\__, | / / / /
 =========|_|==============|___/=/_/_/_/

 :: Spring Boot ::                (v3.5.5)

2025-10-01T13:49:39.544+09:00  INFO 26386 --- [illoomung] [    Test worker] c.r.i.d.repository.StoresRepositoryTest  : Starting StoresRepositoryTest using Java 21.0.8 with PID 26386 (started by junyoung in /Users/junyoung/Documents/spring/illoomung)
2025-10-01T13:49:39.545+09:00 DEBUG 26386 --- [illoomung] [    Test worker] c.r.i.d.repository.StoresRepositoryTest  : Running with Spring Boot v3.5.5, Spring v6.2.10
2025-10-01T13:49:39.545+09:00  INFO 26386 --- [illoomung] [    Test worker] c.r.i.d.repository.StoresRepositoryTest  : No active profile set, falling back to 1 default profile: "default"
2025-10-01T13:49:39.942+09:00  INFO 26386 --- [illoomung] [    Test worker] .s.d.r.c.RepositoryConfigurationDelegate : Multiple Spring Data modules found, entering strict repository configuration mode
2025-10-01T13:49:39.943+09:00  INFO 26386 --- [illoomung] [    Test worker] .s.d.r.c.RepositoryConfigurationDelegate : Bootstrapping Spring Data JPA repositories in DEFAULT mode.
2025-10-01T13:49:40.013+09:00  INFO 26386 --- [illoomung] [    Test worker] .s.d.r.c.RepositoryConfigurationDelegate : Finished Spring Data repository scanning in 66 ms. Found 15 JPA repository interfaces.
2025-10-01T13:49:40.019+09:00  INFO 26386 --- [illoomung] [    Test worker] .s.d.r.c.RepositoryConfigurationDelegate : Multiple Spring Data modules found, entering strict repository configuration mode
2025-10-01T13:49:40.020+09:00  INFO 26386 --- [illoomung] [    Test worker] .s.d.r.c.RepositoryConfigurationDelegate : Bootstrapping Spring Data Redis repositories in DEFAULT mode.
2025-10-01T13:49:40.027+09:00  INFO 26386 --- [illoomung] [    Test worker] .RepositoryConfigurationExtensionSupport : Spring Data Redis - Could not safely identify store assignment for repository candidate interface com.reserve.illoomung.core.domain.repository.AccountRepository; If you want this repository to be a Redis repository, consider annotating your entities with one of these annotations: org.springframework.data.redis.core.RedisHash (preferred), or consider extending one of the following types with your repository: org.springframework.data.keyvalue.repository.KeyValueRepository
2025-10-01T13:49:40.027+09:00  INFO 26386 --- [illoomung] [    Test worker] .RepositoryConfigurationExtensionSupport : Spring Data Redis - Could not safely identify store assignment for repository candidate interface com.reserve.illoomung.core.domain.repository.LoginAttemptsRepository; If you want this repository to be a Redis repository, consider annotating your entities with one of these annotations: org.springframework.data.redis.core.RedisHash (preferred), or consider extending one of the following types with your repository: org.springframework.data.keyvalue.repository.KeyValueRepository
2025-10-01T13:49:40.028+09:00  INFO 26386 --- [illoomung] [    Test worker] .RepositoryConfigurationExtensionSupport : Spring Data Redis - Could not safely identify store assignment for repository candidate interface com.reserve.illoomung.core.domain.repository.RefreshTokensRepository; If you want this repository to be a Redis repository, consider annotating your entities with one of these annotations: org.springframework.data.redis.core.RedisHash (preferred), or consider extending one of the following types with your repository: org.springframework.data.keyvalue.repository.KeyValueRepository
2025-10-01T13:49:40.028+09:00  INFO 26386 --- [illoomung] [    Test worker] .RepositoryConfigurationExtensionSupport : Spring Data Redis - Could not safely identify store assignment for repository candidate interface com.reserve.illoomung.core.domain.repository.TokenBlacklistRepository; If you want this repository to be a Redis repository, consider annotating your entities with one of these annotations: org.springframework.data.redis.core.RedisHash (preferred), or consider extending one of the following types with your repository: org.springframework.data.keyvalue.repository.KeyValueRepository
2025-10-01T13:49:40.028+09:00  INFO 26386 --- [illoomung] [    Test worker] .RepositoryConfigurationExtensionSupport : Spring Data Redis - Could not safely identify store assignment for repository candidate interface com.reserve.illoomung.core.domain.repository.UserProfileRepository; If you want this repository to be a Redis repository, consider annotating your entities with one of these annotations: org.springframework.data.redis.core.RedisHash (preferred), or consider extending one of the following types with your repository: org.springframework.data.keyvalue.repository.KeyValueRepository
2025-10-01T13:49:40.028+09:00  INFO 26386 --- [illoomung] [    Test worker] .RepositoryConfigurationExtensionSupport : Spring Data Redis - Could not safely identify store assignment for repository candidate interface com.reserve.illoomung.domain.repository.AmenityRepository; If you want this repository to be a Redis repository, consider annotating your entities with one of these annotations: org.springframework.data.redis.core.RedisHash (preferred), or consider extending one of the following types with your repository: org.springframework.data.keyvalue.repository.KeyValueRepository
2025-10-01T13:49:40.028+09:00  INFO 26386 --- [illoomung] [    Test worker] .RepositoryConfigurationExtensionSupport : Spring Data Redis - Could not safely identify store assignment for repository candidate interface com.reserve.illoomung.domain.repository.OfferingCategoryMappingRepository; If you want this repository to be a Redis repository, consider annotating your entities with one of these annotations: org.springframework.data.redis.core.RedisHash (preferred), or consider extending one of the following types with your repository: org.springframework.data.keyvalue.repository.KeyValueRepository
2025-10-01T13:49:40.028+09:00  INFO 26386 --- [illoomung] [    Test worker] .RepositoryConfigurationExtensionSupport : Spring Data Redis - Could not safely identify store assignment for repository candidate interface com.reserve.illoomung.domain.repository.OfferingCategoryRepository; If you want this repository to be a Redis repository, consider annotating your entities with one of these annotations: org.springframework.data.redis.core.RedisHash (preferred), or consider extending one of the following types with your repository: org.springframework.data.keyvalue.repository.KeyValueRepository
2025-10-01T13:49:40.029+09:00  INFO 26386 --- [illoomung] [    Test worker] .RepositoryConfigurationExtensionSupport : Spring Data Redis - Could not safely identify store assignment for repository candidate interface com.reserve.illoomung.domain.repository.StoreAmenityMappingRepository; If you want this repository to be a Redis repository, consider annotating your entities with one of these annotations: org.springframework.data.redis.core.RedisHash (preferred), or consider extending one of the following types with your repository: org.springframework.data.keyvalue.repository.KeyValueRepository
2025-10-01T13:49:40.029+09:00  INFO 26386 --- [illoomung] [    Test worker] .RepositoryConfigurationExtensionSupport : Spring Data Redis - Could not safely identify store assignment for repository candidate interface com.reserve.illoomung.domain.repository.StoreCategoryMappingRepository; If you want this repository to be a Redis repository, consider annotating your entities with one of these annotations: org.springframework.data.redis.core.RedisHash (preferred), or consider extending one of the following types with your repository: org.springframework.data.keyvalue.repository.KeyValueRepository
2025-10-01T13:49:40.029+09:00  INFO 26386 --- [illoomung] [    Test worker] .RepositoryConfigurationExtensionSupport : Spring Data Redis - Could not safely identify store assignment for repository candidate interface com.reserve.illoomung.domain.repository.StoreCategoryRepository; If you want this repository to be a Redis repository, consider annotating your entities with one of these annotations: org.springframework.data.redis.core.RedisHash (preferred), or consider extending one of the following types with your repository: org.springframework.data.keyvalue.repository.KeyValueRepository
2025-10-01T13:49:40.029+09:00  INFO 26386 --- [illoomung] [    Test worker] .RepositoryConfigurationExtensionSupport : Spring Data Redis - Could not safely identify store assignment for repository candidate interface com.reserve.illoomung.domain.repository.StoreImageRepository; If you want this repository to be a Redis repository, consider annotating your entities with one of these annotations: org.springframework.data.redis.core.RedisHash (preferred), or consider extending one of the following types with your repository: org.springframework.data.keyvalue.repository.KeyValueRepository
2025-10-01T13:49:40.029+09:00  INFO 26386 --- [illoomung] [    Test worker] .RepositoryConfigurationExtensionSupport : Spring Data Redis - Could not safely identify store assignment for repository candidate interface com.reserve.illoomung.domain.repository.StoreOfferingRepository; If you want this repository to be a Redis repository, consider annotating your entities with one of these annotations: org.springframework.data.redis.core.RedisHash (preferred), or consider extending one of the following types with your repository: org.springframework.data.keyvalue.repository.KeyValueRepository
2025-10-01T13:49:40.029+09:00  INFO 26386 --- [illoomung] [    Test worker] .RepositoryConfigurationExtensionSupport : Spring Data Redis - Could not safely identify store assignment for repository candidate interface com.reserve.illoomung.domain.repository.StoreOperatingHoursRepository; If you want this repository to be a Redis repository, consider annotating your entities with one of these annotations: org.springframework.data.redis.core.RedisHash (preferred), or consider extending one of the following types with your repository: org.springframework.data.keyvalue.repository.KeyValueRepository
2025-10-01T13:49:40.029+09:00  INFO 26386 --- [illoomung] [    Test worker] .RepositoryConfigurationExtensionSupport : Spring Data Redis - Could not safely identify store assignment for repository candidate interface com.reserve.illoomung.domain.repository.StoresRepository; If you want this repository to be a Redis repository, consider annotating your entities with one of these annotations: org.springframework.data.redis.core.RedisHash (preferred), or consider extending one of the following types with your repository: org.springframework.data.keyvalue.repository.KeyValueRepository
2025-10-01T13:49:40.029+09:00  INFO 26386 --- [illoomung] [    Test worker] .s.d.r.c.RepositoryConfigurationDelegate : Finished Spring Data repository scanning in 6 ms. Found 0 Redis repository interfaces.
2025-10-01T13:49:40.218+09:00  INFO 26386 --- [illoomung] [    Test worker] com.zaxxer.hikari.HikariDataSource       : HikariPool-1 - Starting...
2025-10-01T13:49:40.279+09:00  INFO 26386 --- [illoomung] [    Test worker] com.zaxxer.hikari.pool.HikariPool        : HikariPool-1 - Added connection com.mysql.cj.jdbc.ConnectionImpl@36f05595
2025-10-01T13:49:40.280+09:00  INFO 26386 --- [illoomung] [    Test worker] com.zaxxer.hikari.HikariDataSource       : HikariPool-1 - Start completed.
2025-10-01T13:49:40.314+09:00  INFO 26386 --- [illoomung] [    Test worker] o.hibernate.jpa.internal.util.LogHelper  : HHH000204: Processing PersistenceUnitInfo [name: default]
2025-10-01T13:49:40.329+09:00  INFO 26386 --- [illoomung] [    Test worker] org.hibernate.Version                    : HHH000412: Hibernate ORM core version 6.6.26.Final
2025-10-01T13:49:40.340+09:00  INFO 26386 --- [illoomung] [    Test worker] o.h.c.internal.RegionFactoryInitiator    : HHH000026: Second-level cache disabled
2025-10-01T13:49:40.426+09:00  INFO 26386 --- [illoomung] [    Test worker] o.s.o.j.p.SpringPersistenceUnitInfo      : No LoadTimeWeaver setup: ignoring JPA class transformer
2025-10-01T13:49:40.461+09:00  INFO 26386 --- [illoomung] [    Test worker] org.hibernate.orm.connections.pooling    : HHH10001005: Database info:
	Database JDBC URL [Connecting through datasource 'HikariDataSource (HikariPool-1)']
	Database driver: undefined/unknown
	Database version: 9.4
	Autocommit mode: undefined/unknown
	Isolation level: undefined/unknown
	Minimum pool size: undefined/unknown
	Maximum pool size: undefined/unknown
2025-10-01T13:49:40.859+09:00  INFO 26386 --- [illoomung] [    Test worker] o.h.e.t.j.p.i.JtaPlatformInitiator       : HHH000489: No JTA platform available (set 'hibernate.transaction.jta.platform' to enable JTA platform integration)
Hibernate: 
    alter table amenities 
       modify column status enum ('ACTIVE','INACTIVE') not null
Hibernate: 
    alter table offering_categories 
       modify column status enum ('ACTIVE','INACTIVE') not null
Hibernate: 
    alter table store_images 
       modify column image_type enum ('EXTERIOR','INTERIOR','MAIN','MENU','OTHER') not null
Hibernate: 
    alter table store_offerings 
       modify column status enum ('ACTIVE','INACTIVE') not null
Hibernate: 
    alter table stores 
       modify column status enum ('ACTIVE','INACTIVE','PENDING_APPROVAL','SUSPENDED') not null
2025-10-01T13:49:40.974+09:00  INFO 26386 --- [illoomung] [    Test worker] j.LocalContainerEntityManagerFactoryBean : Initialized JPA EntityManagerFactory for persistence unit 'default'
2025-10-01T13:49:41.095+09:00  INFO 26386 --- [illoomung] [    Test worker] o.s.d.j.r.query.QueryEnhancerFactory     : Hibernate is in classpath; If applicable, HQL parser will be used.
2025-10-01T13:49:41.401+09:00 ERROR 26386 --- [illoomung] [    Test worker] i.n.r.d.DnsServerAddressStreamProviders  : Unable to load io.netty.resolver.dns.macos.MacOSDnsServerAddressStreamProvider, fallback to system defaults. This may result in incorrect DNS resolutions on MacOS. Check whether you have a dependency on 'io.netty:netty-resolver-dns-native-macos'. Use DEBUG level to see the full stack: java.lang.UnsatisfiedLinkError: failed to load the required native library
2025-10-01T13:49:41.652+09:00  INFO 26386 --- [illoomung] [    Test worker] o.s.b.a.e.web.EndpointLinksResolver      : Exposing 1 endpoint beneath base path '/actuator'
2025-10-01T13:49:41.846+09:00  INFO 26386 --- [illoomung] [    Test worker] org.quartz.impl.StdSchedulerFactory      : Using default implementation for ThreadExecutor
2025-10-01T13:49:41.851+09:00  INFO 26386 --- [illoomung] [    Test worker] org.quartz.core.SchedulerSignalerImpl    : Initialized Scheduler Signaller of type: class org.quartz.core.SchedulerSignalerImpl
2025-10-01T13:49:41.851+09:00  INFO 26386 --- [illoomung] [    Test worker] org.quartz.core.QuartzScheduler          : Quartz Scheduler v2.5.0 created.
2025-10-01T13:49:41.851+09:00  INFO 26386 --- [illoomung] [    Test worker] org.quartz.simpl.RAMJobStore             : RAMJobStore initialized.
2025-10-01T13:49:41.852+09:00  INFO 26386 --- [illoomung] [    Test worker] org.quartz.core.QuartzScheduler          : Scheduler meta-data: Quartz Scheduler (v2.5.0) 'quartzScheduler' with instanceId 'NON_CLUSTERED'
  Scheduler class: 'org.quartz.core.QuartzScheduler' - running locally.
  NOT STARTED.
  Currently in standby mode.
  Number of jobs executed: 0
  Using thread pool 'org.quartz.simpl.SimpleThreadPool' - with 10 threads.
  Using job-store 'org.quartz.simpl.RAMJobStore' - which does not support persistence. and is not clustered.

2025-10-01T13:49:41.852+09:00  INFO 26386 --- [illoomung] [    Test worker] org.quartz.impl.StdSchedulerFactory      : Quartz scheduler 'quartzScheduler' initialized from an externally provided properties instance.
2025-10-01T13:49:41.852+09:00  INFO 26386 --- [illoomung] [    Test worker] org.quartz.impl.StdSchedulerFactory      : Quartz scheduler version: 2.5.0
2025-10-01T13:49:41.852+09:00  INFO 26386 --- [illoomung] [    Test worker] org.quartz.core.QuartzScheduler          : JobFactory set to: org.springframework.scheduling.quartz.SpringBeanJobFactory@5e206acb
2025-10-01T13:49:42.049+09:00  WARN 26386 --- [illoomung] [    Test worker] ion$DefaultTemplateResolverConfiguration : Cannot find template location: classpath:/templates/ (please add some templates, check your Thymeleaf configuration, or set spring.thymeleaf.check-template-location=false)
2025-10-01T13:49:42.070+09:00  INFO 26386 --- [illoomung] [    Test worker] .w.s.a.s.AnnotationActionEndpointMapping : Supporting [WS-Addressing August 2004, WS-Addressing 1.0]
2025-10-01T13:49:42.088+09:00 DEBUG 26386 --- [illoomung] [    Test worker] c.r.i.c.filter.JwtAuthenticationFilter   : Filter 'jwtAuthenticationFilter' configured for use
2025-10-01T13:49:42.089+09:00  INFO 26386 --- [illoomung] [    Test worker] o.s.b.t.m.w.SpringBootMockServletContext : Initializing Spring TestDispatcherServlet ''
2025-10-01T13:49:42.089+09:00  INFO 26386 --- [illoomung] [    Test worker] o.s.t.web.servlet.TestDispatcherServlet  : Initializing Servlet ''
2025-10-01T13:49:42.089+09:00  INFO 26386 --- [illoomung] [    Test worker] o.s.t.web.servlet.TestDispatcherServlet  : Completed initialization in 0 ms
2025-10-01T13:49:42.141+09:00  INFO 26386 --- [illoomung] [    Test worker] o.s.s.quartz.SchedulerFactoryBean        : Starting Quartz Scheduler now
2025-10-01T13:49:42.141+09:00  INFO 26386 --- [illoomung] [    Test worker] org.quartz.core.QuartzScheduler          : Scheduler quartzScheduler_$_NON_CLUSTERED started.
2025-10-01T13:49:42.153+09:00  INFO 26386 --- [illoomung] [    Test worker] c.r.i.d.repository.StoresRepositoryTest  : Started StoresRepositoryTest in 2.713 seconds (process running for 3.102)
2025-10-01T13:49:42.181+09:00  INFO 26386 --- [illoomung] [    Test worker] o.s.b.a.b.JobLauncherApplicationRunner   : Running default command line with: []
Hibernate: 
    select
        s1_0.store_id,
        s1_0.address_full,
        s1_0.address_details,
        s1_0.address_details_hash,
        s1_0.address_full_hash,
        s1_0.bcode,
        s1_0.created_at,
        s1_0.description,
        s1_0.instagram_url,
        s1_0.owner_id,
        s1_0.phone,
        s1_0.status,
        s1_0.store_name,
        s1_0.updated_at,
        s1_0.website_url 
    from
        stores s1_0
Hibernate: 
    select
        a1_0.account_id,
        a1_0.dormant_at,
        a1_0.email,
        a1_0.email_hash,
        a1_0.last_login_at,
        a1_0.password_hash,
        a1_0.role,
        a1_0.social_id,
        a1_0.social_id_hash,
        a1_0.social_provider,
        a1_0.status,
        a1_0.updated_at,
        a1_0.withdrawn_at 
    from
        account a1_0 
    where
        a1_0.account_id=?
2025-10-01T13:49:42.494+09:00  INFO 26386 --- [illoomung] [    Test worker] c.r.i.d.repository.StoresRepositoryTest  : authenticated account: 1, ADMIN
2025-10-01T13:49:42.494+09:00  INFO 26386 --- [illoomung] [    Test worker] c.r.i.d.repository.StoresRepositoryTest  : Creating store: 부부펫살롱
Hibernate: 
    select
        s1_0.store_id 
    from
        stores s1_0 
    where
        s1_0.store_name=? 
        and s1_0.address_full_hash=? 
        and s1_0.address_details_hash=? 
    limit
        ?
Hibernate: 
    insert 
    into
        stores
        (address_full, address_details, address_details_hash, address_full_hash, bcode, description, instagram_url, owner_id, phone, status, store_name, website_url) 
    values
        (?, ?, ?, ?, ?, ?, ?, ?, ?, ?, ?, ?)
Hibernate: 
    insert 
    into
        store_images
        (alt_text, image_type, image_url, sort_order, store_id) 
    values
        (?, ?, ?, ?, ?)
Hibernate: 
    insert 
    into
        store_operating_hours
        (break_end_time, break_start_time, close_time, day_of_week, is_open, open_time, store_id) 
    values
        (?, ?, ?, ?, ?, ?, ?)
Hibernate: 
    insert 
    into
        store_operating_hours
        (break_end_time, break_start_time, close_time, day_of_week, is_open, open_time, store_id) 
    values
        (?, ?, ?, ?, ?, ?, ?)
Hibernate: 
    insert 
    into
        store_operating_hours
        (break_end_time, break_start_time, close_time, day_of_week, is_open, open_time, store_id) 
    values
        (?, ?, ?, ?, ?, ?, ?)
Hibernate: 
    insert 
    into
        store_operating_hours
        (break_end_time, break_start_time, close_time, day_of_week, is_open, open_time, store_id) 
    values
        (?, ?, ?, ?, ?, ?, ?)
Hibernate: 
    insert 
    into
        store_operating_hours
        (break_end_time, break_start_time, close_time, day_of_week, is_open, open_time, store_id) 
    values
        (?, ?, ?, ?, ?, ?, ?)
Hibernate: 
    insert 
    into
        store_operating_hours
        (break_end_time, break_start_time, close_time, day_of_week, is_open, open_time, store_id) 
    values
        (?, ?, ?, ?, ?, ?, ?)
Hibernate: 
    insert 
    into
        store_operating_hours
        (break_end_time, break_start_time, close_time, day_of_week, is_open, open_time, store_id) 
    values
        (?, ?, ?, ?, ?, ?, ?)
]]></system-out>
  <system-err><![CDATA[Mockito is currently self-attaching to enable the inline-mock-maker. This will no longer work in future releases of the JDK. Please add Mockito as an agent to your build as described in Mockito's documentation: https://javadoc.io/doc/org.mockito/mockito-core/latest/org.mockito/org/mockito/Mockito.html#0.3
WARNING: A Java agent has been loaded dynamically (/Users/junyoung/.gradle/caches/modules-2/files-2.1/net.bytebuddy/byte-buddy-agent/1.17.7/fbf3d6d649ed37fc9e9c59480a05be0a26e3c2da/byte-buddy-agent-1.17.7.jar)
WARNING: If a serviceability tool is in use, please run with -XX:+EnableDynamicAgentLoading to hide this warning
WARNING: If a serviceability tool is not in use, please run with -Djdk.instrument.traceUsage for more information
WARNING: Dynamic loading of agents will be disallowed by default in a future release
]]></system-err>
</testsuite>
