<?xml version="1.0" encoding="UTF-8"?>
<testsuite name="com.reserve.illoomung.domain.repository.StoresRepositoryTest" tests="1" skipped="0" failures="0" errors="0" timestamp="2025-09-29T06:42:10.439Z" hostname="junyoungui-MacBookPro.local" time="5.296">
  <properties/>
  <testcase name="saveStores()" classname="com.reserve.illoomung.domain.repository.StoresRepositoryTest" time="5.296"/>
  <system-out><![CDATA[15:42:07.399 [Test worker] INFO org.springframework.test.context.support.AnnotationConfigContextLoaderUtils -- Could not detect default configuration classes for test class [com.reserve.illoomung.domain.repository.StoresRepositoryTest]: StoresRepositoryTest does not declare any static, non-private, non-final, nested classes annotated with @Configuration.
15:42:07.454 [Test worker] INFO org.springframework.boot.test.context.SpringBootTestContextBootstrapper -- Found @SpringBootConfiguration com.reserve.illoomung.IlloomungApplication for test class com.reserve.illoomung.domain.repository.StoresRepositoryTest

  .   ____          _            __ _ _
 /\\ / ___'_ __ _ _(_)_ __  __ _ \ \ \ \
( ( )\___ | '_ | '_| | '_ \/ _` | \ \ \ \
 \\/  ___)| |_)| | | | | || (_| |  ) ) ) )
  '  |____| .__|_| |_|_| |_\__, | / / / /
 =========|_|==============|___/=/_/_/_/

 :: Spring Boot ::                (v3.5.5)

2025-09-29T15:42:07.619+09:00  INFO 74107 --- [illoomung] [    Test worker] c.r.i.d.repository.StoresRepositoryTest  : Starting StoresRepositoryTest using Java 21.0.8 with PID 74107 (started by junyoung in /Users/junyoung/Documents/spring/illoomung)
2025-09-29T15:42:07.620+09:00 DEBUG 74107 --- [illoomung] [    Test worker] c.r.i.d.repository.StoresRepositoryTest  : Running with Spring Boot v3.5.5, Spring v6.2.10
2025-09-29T15:42:07.620+09:00  INFO 74107 --- [illoomung] [    Test worker] c.r.i.d.repository.StoresRepositoryTest  : No active profile set, falling back to 1 default profile: "default"
2025-09-29T15:42:08.081+09:00  INFO 74107 --- [illoomung] [    Test worker] .s.d.r.c.RepositoryConfigurationDelegate : Multiple Spring Data modules found, entering strict repository configuration mode
2025-09-29T15:42:08.081+09:00  INFO 74107 --- [illoomung] [    Test worker] .s.d.r.c.RepositoryConfigurationDelegate : Bootstrapping Spring Data JPA repositories in DEFAULT mode.
2025-09-29T15:42:08.162+09:00  INFO 74107 --- [illoomung] [    Test worker] .s.d.r.c.RepositoryConfigurationDelegate : Finished Spring Data repository scanning in 76 ms. Found 14 JPA repository interfaces.
2025-09-29T15:42:08.173+09:00  INFO 74107 --- [illoomung] [    Test worker] .s.d.r.c.RepositoryConfigurationDelegate : Multiple Spring Data modules found, entering strict repository configuration mode
2025-09-29T15:42:08.173+09:00  INFO 74107 --- [illoomung] [    Test worker] .s.d.r.c.RepositoryConfigurationDelegate : Bootstrapping Spring Data Redis repositories in DEFAULT mode.
2025-09-29T15:42:08.181+09:00  INFO 74107 --- [illoomung] [    Test worker] .RepositoryConfigurationExtensionSupport : Spring Data Redis - Could not safely identify store assignment for repository candidate interface com.reserve.illoomung.core.domain.repository.AccountRepository; If you want this repository to be a Redis repository, consider annotating your entities with one of these annotations: org.springframework.data.redis.core.RedisHash (preferred), or consider extending one of the following types with your repository: org.springframework.data.keyvalue.repository.KeyValueRepository
2025-09-29T15:42:08.181+09:00  INFO 74107 --- [illoomung] [    Test worker] .RepositoryConfigurationExtensionSupport : Spring Data Redis - Could not safely identify store assignment for repository candidate interface com.reserve.illoomung.core.domain.repository.RefreshTokensRepository; If you want this repository to be a Redis repository, consider annotating your entities with one of these annotations: org.springframework.data.redis.core.RedisHash (preferred), or consider extending one of the following types with your repository: org.springframework.data.keyvalue.repository.KeyValueRepository
2025-09-29T15:42:08.182+09:00  INFO 74107 --- [illoomung] [    Test worker] .RepositoryConfigurationExtensionSupport : Spring Data Redis - Could not safely identify store assignment for repository candidate interface com.reserve.illoomung.core.domain.repository.TokenBlacklistRepository; If you want this repository to be a Redis repository, consider annotating your entities with one of these annotations: org.springframework.data.redis.core.RedisHash (preferred), or consider extending one of the following types with your repository: org.springframework.data.keyvalue.repository.KeyValueRepository
2025-09-29T15:42:08.182+09:00  INFO 74107 --- [illoomung] [    Test worker] .RepositoryConfigurationExtensionSupport : Spring Data Redis - Could not safely identify store assignment for repository candidate interface com.reserve.illoomung.core.domain.repository.UserProfileRepository; If you want this repository to be a Redis repository, consider annotating your entities with one of these annotations: org.springframework.data.redis.core.RedisHash (preferred), or consider extending one of the following types with your repository: org.springframework.data.keyvalue.repository.KeyValueRepository
2025-09-29T15:42:08.182+09:00  INFO 74107 --- [illoomung] [    Test worker] .RepositoryConfigurationExtensionSupport : Spring Data Redis - Could not safely identify store assignment for repository candidate interface com.reserve.illoomung.domain.repository.AmenityRepository; If you want this repository to be a Redis repository, consider annotating your entities with one of these annotations: org.springframework.data.redis.core.RedisHash (preferred), or consider extending one of the following types with your repository: org.springframework.data.keyvalue.repository.KeyValueRepository
2025-09-29T15:42:08.182+09:00  INFO 74107 --- [illoomung] [    Test worker] .RepositoryConfigurationExtensionSupport : Spring Data Redis - Could not safely identify store assignment for repository candidate interface com.reserve.illoomung.domain.repository.OfferingCategoryMappingRepository; If you want this repository to be a Redis repository, consider annotating your entities with one of these annotations: org.springframework.data.redis.core.RedisHash (preferred), or consider extending one of the following types with your repository: org.springframework.data.keyvalue.repository.KeyValueRepository
2025-09-29T15:42:08.182+09:00  INFO 74107 --- [illoomung] [    Test worker] .RepositoryConfigurationExtensionSupport : Spring Data Redis - Could not safely identify store assignment for repository candidate interface com.reserve.illoomung.domain.repository.OfferingCategoryRepository; If you want this repository to be a Redis repository, consider annotating your entities with one of these annotations: org.springframework.data.redis.core.RedisHash (preferred), or consider extending one of the following types with your repository: org.springframework.data.keyvalue.repository.KeyValueRepository
2025-09-29T15:42:08.183+09:00  INFO 74107 --- [illoomung] [    Test worker] .RepositoryConfigurationExtensionSupport : Spring Data Redis - Could not safely identify store assignment for repository candidate interface com.reserve.illoomung.domain.repository.StoreAmenityMappingRepository; If you want this repository to be a Redis repository, consider annotating your entities with one of these annotations: org.springframework.data.redis.core.RedisHash (preferred), or consider extending one of the following types with your repository: org.springframework.data.keyvalue.repository.KeyValueRepository
2025-09-29T15:42:08.183+09:00  INFO 74107 --- [illoomung] [    Test worker] .RepositoryConfigurationExtensionSupport : Spring Data Redis - Could not safely identify store assignment for repository candidate interface com.reserve.illoomung.domain.repository.StoreCategoryMappingRepository; If you want this repository to be a Redis repository, consider annotating your entities with one of these annotations: org.springframework.data.redis.core.RedisHash (preferred), or consider extending one of the following types with your repository: org.springframework.data.keyvalue.repository.KeyValueRepository
2025-09-29T15:42:08.183+09:00  INFO 74107 --- [illoomung] [    Test worker] .RepositoryConfigurationExtensionSupport : Spring Data Redis - Could not safely identify store assignment for repository candidate interface com.reserve.illoomung.domain.repository.StoreCategoryRepository; If you want this repository to be a Redis repository, consider annotating your entities with one of these annotations: org.springframework.data.redis.core.RedisHash (preferred), or consider extending one of the following types with your repository: org.springframework.data.keyvalue.repository.KeyValueRepository
2025-09-29T15:42:08.183+09:00  INFO 74107 --- [illoomung] [    Test worker] .RepositoryConfigurationExtensionSupport : Spring Data Redis - Could not safely identify store assignment for repository candidate interface com.reserve.illoomung.domain.repository.StoreImageRepository; If you want this repository to be a Redis repository, consider annotating your entities with one of these annotations: org.springframework.data.redis.core.RedisHash (preferred), or consider extending one of the following types with your repository: org.springframework.data.keyvalue.repository.KeyValueRepository
2025-09-29T15:42:08.183+09:00  INFO 74107 --- [illoomung] [    Test worker] .RepositoryConfigurationExtensionSupport : Spring Data Redis - Could not safely identify store assignment for repository candidate interface com.reserve.illoomung.domain.repository.StoreOfferingRepository; If you want this repository to be a Redis repository, consider annotating your entities with one of these annotations: org.springframework.data.redis.core.RedisHash (preferred), or consider extending one of the following types with your repository: org.springframework.data.keyvalue.repository.KeyValueRepository
2025-09-29T15:42:08.183+09:00  INFO 74107 --- [illoomung] [    Test worker] .RepositoryConfigurationExtensionSupport : Spring Data Redis - Could not safely identify store assignment for repository candidate interface com.reserve.illoomung.domain.repository.StoreOperatingHoursRepository; If you want this repository to be a Redis repository, consider annotating your entities with one of these annotations: org.springframework.data.redis.core.RedisHash (preferred), or consider extending one of the following types with your repository: org.springframework.data.keyvalue.repository.KeyValueRepository
2025-09-29T15:42:08.184+09:00  INFO 74107 --- [illoomung] [    Test worker] .RepositoryConfigurationExtensionSupport : Spring Data Redis - Could not safely identify store assignment for repository candidate interface com.reserve.illoomung.domain.repository.StoresRepository; If you want this repository to be a Redis repository, consider annotating your entities with one of these annotations: org.springframework.data.redis.core.RedisHash (preferred), or consider extending one of the following types with your repository: org.springframework.data.keyvalue.repository.KeyValueRepository
2025-09-29T15:42:08.184+09:00  INFO 74107 --- [illoomung] [    Test worker] .s.d.r.c.RepositoryConfigurationDelegate : Finished Spring Data repository scanning in 6 ms. Found 0 Redis repository interfaces.
2025-09-29T15:42:08.360+09:00  INFO 74107 --- [illoomung] [    Test worker] com.zaxxer.hikari.HikariDataSource       : HikariPool-1 - Starting...
2025-09-29T15:42:08.430+09:00  INFO 74107 --- [illoomung] [    Test worker] com.zaxxer.hikari.pool.HikariPool        : HikariPool-1 - Added connection com.mysql.cj.jdbc.ConnectionImpl@27ec74a3
2025-09-29T15:42:08.431+09:00  INFO 74107 --- [illoomung] [    Test worker] com.zaxxer.hikari.HikariDataSource       : HikariPool-1 - Start completed.
2025-09-29T15:42:08.469+09:00  INFO 74107 --- [illoomung] [    Test worker] o.hibernate.jpa.internal.util.LogHelper  : HHH000204: Processing PersistenceUnitInfo [name: default]
2025-09-29T15:42:08.488+09:00  INFO 74107 --- [illoomung] [    Test worker] org.hibernate.Version                    : HHH000412: Hibernate ORM core version 6.6.26.Final
2025-09-29T15:42:08.498+09:00  INFO 74107 --- [illoomung] [    Test worker] o.h.c.internal.RegionFactoryInitiator    : HHH000026: Second-level cache disabled
2025-09-29T15:42:08.594+09:00  INFO 74107 --- [illoomung] [    Test worker] o.s.o.j.p.SpringPersistenceUnitInfo      : No LoadTimeWeaver setup: ignoring JPA class transformer
2025-09-29T15:42:08.634+09:00  INFO 74107 --- [illoomung] [    Test worker] org.hibernate.orm.connections.pooling    : HHH10001005: Database info:
	Database JDBC URL [Connecting through datasource 'HikariDataSource (HikariPool-1)']
	Database driver: undefined/unknown
	Database version: 9.4
	Autocommit mode: undefined/unknown
	Isolation level: undefined/unknown
	Minimum pool size: undefined/unknown
	Maximum pool size: undefined/unknown
2025-09-29T15:42:09.066+09:00  INFO 74107 --- [illoomung] [    Test worker] o.h.e.t.j.p.i.JtaPlatformInitiator       : HHH000489: No JTA platform available (set 'hibernate.transaction.jta.platform' to enable JTA platform integration)
Hibernate: 
    alter table amenities 
       modify column status enum ('ACTIVE','INACTIVE') not null
Hibernate: 
    alter table offering_categories 
       modify column status enum ('ACTIVE','INACTIVE') not null
Hibernate: 
    alter table store_images 
       modify column image_type enum ('EXTERIOR','INTERIOR','MAIN','MENU','OTHER') not null
Hibernate: 
    alter table store_offerings 
       modify column status enum ('ACTIVE','INACTIVE') not null
Hibernate: 
    alter table stores 
       modify column status enum ('ACTIVE','INACTIVE','PENDING_APPROVAL','SUSPENDED') not null
2025-09-29T15:42:09.159+09:00  INFO 74107 --- [illoomung] [    Test worker] j.LocalContainerEntityManagerFactoryBean : Initialized JPA EntityManagerFactory for persistence unit 'default'
2025-09-29T15:42:09.280+09:00  INFO 74107 --- [illoomung] [    Test worker] o.s.d.j.r.query.QueryEnhancerFactory     : Hibernate is in classpath; If applicable, HQL parser will be used.
2025-09-29T15:42:09.587+09:00 ERROR 74107 --- [illoomung] [    Test worker] i.n.r.d.DnsServerAddressStreamProviders  : Unable to load io.netty.resolver.dns.macos.MacOSDnsServerAddressStreamProvider, fallback to system defaults. This may result in incorrect DNS resolutions on MacOS. Check whether you have a dependency on 'io.netty:netty-resolver-dns-native-macos'. Use DEBUG level to see the full stack: java.lang.UnsatisfiedLinkError: failed to load the required native library
2025-09-29T15:42:09.863+09:00  INFO 74107 --- [illoomung] [    Test worker] o.s.b.a.e.web.EndpointLinksResolver      : Exposing 1 endpoint beneath base path '/actuator'
2025-09-29T15:42:10.077+09:00  INFO 74107 --- [illoomung] [    Test worker] org.quartz.impl.StdSchedulerFactory      : Using default implementation for ThreadExecutor
2025-09-29T15:42:10.082+09:00  INFO 74107 --- [illoomung] [    Test worker] org.quartz.core.SchedulerSignalerImpl    : Initialized Scheduler Signaller of type: class org.quartz.core.SchedulerSignalerImpl
2025-09-29T15:42:10.082+09:00  INFO 74107 --- [illoomung] [    Test worker] org.quartz.core.QuartzScheduler          : Quartz Scheduler v2.5.0 created.
2025-09-29T15:42:10.083+09:00  INFO 74107 --- [illoomung] [    Test worker] org.quartz.simpl.RAMJobStore             : RAMJobStore initialized.
2025-09-29T15:42:10.083+09:00  INFO 74107 --- [illoomung] [    Test worker] org.quartz.core.QuartzScheduler          : Scheduler meta-data: Quartz Scheduler (v2.5.0) 'quartzScheduler' with instanceId 'NON_CLUSTERED'
  Scheduler class: 'org.quartz.core.QuartzScheduler' - running locally.
  NOT STARTED.
  Currently in standby mode.
  Number of jobs executed: 0
  Using thread pool 'org.quartz.simpl.SimpleThreadPool' - with 10 threads.
  Using job-store 'org.quartz.simpl.RAMJobStore' - which does not support persistence. and is not clustered.

2025-09-29T15:42:10.083+09:00  INFO 74107 --- [illoomung] [    Test worker] org.quartz.impl.StdSchedulerFactory      : Quartz scheduler 'quartzScheduler' initialized from an externally provided properties instance.
2025-09-29T15:42:10.083+09:00  INFO 74107 --- [illoomung] [    Test worker] org.quartz.impl.StdSchedulerFactory      : Quartz scheduler version: 2.5.0
2025-09-29T15:42:10.083+09:00  INFO 74107 --- [illoomung] [    Test worker] org.quartz.core.QuartzScheduler          : JobFactory set to: org.springframework.scheduling.quartz.SpringBeanJobFactory@a16e4e3
2025-09-29T15:42:10.331+09:00  WARN 74107 --- [illoomung] [    Test worker] ion$DefaultTemplateResolverConfiguration : Cannot find template location: classpath:/templates/ (please add some templates, check your Thymeleaf configuration, or set spring.thymeleaf.check-template-location=false)
2025-09-29T15:42:10.353+09:00  INFO 74107 --- [illoomung] [    Test worker] .w.s.a.s.AnnotationActionEndpointMapping : Supporting [WS-Addressing August 2004, WS-Addressing 1.0]
2025-09-29T15:42:10.382+09:00  INFO 74107 --- [illoomung] [    Test worker] o.s.s.quartz.SchedulerFactoryBean        : Starting Quartz Scheduler now
2025-09-29T15:42:10.382+09:00  INFO 74107 --- [illoomung] [    Test worker] org.quartz.core.QuartzScheduler          : Scheduler quartzScheduler_$_NON_CLUSTERED started.
2025-09-29T15:42:10.393+09:00  INFO 74107 --- [illoomung] [    Test worker] c.r.i.d.repository.StoresRepositoryTest  : Started StoresRepositoryTest in 2.888 seconds (process running for 3.323)
2025-09-29T15:42:10.433+09:00  INFO 74107 --- [illoomung] [    Test worker] o.s.b.a.b.JobLauncherApplicationRunner   : Running default command line with: []
Hibernate: 
    select
        s1_0.store_id,
        s1_0.address_full,
        s1_0.address_details,
        s1_0.address_details_hash,
        s1_0.address_full_hash,
        s1_0.bcode,
        s1_0.created_at,
        s1_0.description,
        s1_0.instagram_url,
        s1_0.phone,
        s1_0.status,
        s1_0.store_name,
        s1_0.updated_at,
        s1_0.website_url 
    from
        stores s1_0
Hibernate: 
    select
        am1_0.store_id,
        am1_0.amenity_id 
    from
        store_amenity_mappings am1_0 
    where
        am1_0.store_id=?
Hibernate: 
    select
        cm1_0.store_id,
        cm1_0.category_id 
    from
        store_category_mappings cm1_0 
    where
        cm1_0.store_id=?
Hibernate: 
    select
        i1_0.store_id,
        i1_0.image_id,
        i1_0.alt_text,
        i1_0.image_type,
        i1_0.image_url,
        i1_0.sort_order,
        i1_0.created_at 
    from
        store_images i1_0 
    where
        i1_0.store_id=?
Hibernate: 
    select
        o1_0.store_id,
        o1_0.offering_id,
        o1_0.created_at,
        o1_0.currency,
        o1_0.description,
        o1_0.image_url,
        o1_0.offering_name,
        o1_0.price,
        o1_0.status,
        o1_0.updated_at 
    from
        store_offerings o1_0 
    where
        o1_0.store_id=?
Hibernate: 
    select
        oh1_0.store_id,
        oh1_0.hours_id,
        oh1_0.break_end_time,
        oh1_0.break_start_time,
        oh1_0.close_time,
        oh1_0.day_of_week,
        oh1_0.is_open,
        oh1_0.open_time 
    from
        store_operating_hours oh1_0 
    where
        oh1_0.store_id=?
Hibernate: 
    select
        am1_0.store_id,
        am1_0.amenity_id 
    from
        store_amenity_mappings am1_0 
    where
        am1_0.store_id=?
Hibernate: 
    select
        cm1_0.store_id,
        cm1_0.category_id 
    from
        store_category_mappings cm1_0 
    where
        cm1_0.store_id=?
Hibernate: 
    select
        i1_0.store_id,
        i1_0.image_id,
        i1_0.alt_text,
        i1_0.image_type,
        i1_0.image_url,
        i1_0.sort_order,
        i1_0.created_at 
    from
        store_images i1_0 
    where
        i1_0.store_id=?
Hibernate: 
    select
        o1_0.store_id,
        o1_0.offering_id,
        o1_0.created_at,
        o1_0.currency,
        o1_0.description,
        o1_0.image_url,
        o1_0.offering_name,
        o1_0.price,
        o1_0.status,
        o1_0.updated_at 
    from
        store_offerings o1_0 
    where
        o1_0.store_id=?
Hibernate: 
    select
        oh1_0.store_id,
        oh1_0.hours_id,
        oh1_0.break_end_time,
        oh1_0.break_start_time,
        oh1_0.close_time,
        oh1_0.day_of_week,
        oh1_0.is_open,
        oh1_0.open_time 
    from
        store_operating_hours oh1_0 
    where
        oh1_0.store_id=?
Hibernate: 
    delete 
    from
        store_amenity_mappings 
    where
        amenity_id=? 
        and store_id=?
Hibernate: 
    delete 
    from
        store_amenity_mappings 
    where
        amenity_id=? 
        and store_id=?
Hibernate: 
    delete 
    from
        store_amenity_mappings 
    where
        amenity_id=? 
        and store_id=?
Hibernate: 
    delete 
    from
        store_amenity_mappings 
    where
        amenity_id=? 
        and store_id=?
Hibernate: 
    delete 
    from
        store_amenity_mappings 
    where
        amenity_id=? 
        and store_id=?
Hibernate: 
    delete 
    from
        store_amenity_mappings 
    where
        amenity_id=? 
        and store_id=?
Hibernate: 
    delete 
    from
        store_category_mappings 
    where
        category_id=? 
        and store_id=?
Hibernate: 
    delete 
    from
        store_images 
    where
        image_id=?
Hibernate: 
    delete 
    from
        store_operating_hours 
    where
        hours_id=?
Hibernate: 
    delete 
    from
        store_operating_hours 
    where
        hours_id=?
Hibernate: 
    delete 
    from
        store_operating_hours 
    where
        hours_id=?
Hibernate: 
    delete 
    from
        store_operating_hours 
    where
        hours_id=?
Hibernate: 
    delete 
    from
        store_operating_hours 
    where
        hours_id=?
Hibernate: 
    delete 
    from
        store_operating_hours 
    where
        hours_id=?
Hibernate: 
    delete 
    from
        store_operating_hours 
    where
        hours_id=?
Hibernate: 
    delete 
    from
        stores 
    where
        store_id=?
Hibernate: 
    delete 
    from
        store_category_mappings 
    where
        category_id=? 
        and store_id=?
Hibernate: 
    delete 
    from
        store_images 
    where
        image_id=?
Hibernate: 
    delete 
    from
        store_operating_hours 
    where
        hours_id=?
Hibernate: 
    delete 
    from
        store_operating_hours 
    where
        hours_id=?
Hibernate: 
    delete 
    from
        store_operating_hours 
    where
        hours_id=?
Hibernate: 
    delete 
    from
        store_operating_hours 
    where
        hours_id=?
Hibernate: 
    delete 
    from
        store_operating_hours 
    where
        hours_id=?
Hibernate: 
    delete 
    from
        store_operating_hours 
    where
        hours_id=?
Hibernate: 
    delete 
    from
        store_operating_hours 
    where
        hours_id=?
Hibernate: 
    delete 
    from
        stores 
    where
        store_id=?
2025-09-29T15:42:10.808+09:00  INFO 74107 --- [illoomung] [    Test worker] c.r.i.d.repository.StoresRepositoryTest  : Creating store: 부부펫살롱
Hibernate: 
    select
        s1_0.store_id 
    from
        stores s1_0 
    where
        s1_0.store_name=? 
        and s1_0.address_full_hash=? 
        and s1_0.address_details_hash=? 
    limit
        ?
Hibernate: 
    insert 
    into
        stores
        (address_full, address_details, address_details_hash, address_full_hash, bcode, description, instagram_url, phone, status, store_name, website_url) 
    values
        (?, ?, ?, ?, ?, ?, ?, ?, ?, ?, ?)
Hibernate: 
    insert 
    into
        store_images
        (alt_text, image_type, image_url, sort_order, store_id) 
    values
        (?, ?, ?, ?, ?)
Hibernate: 
    insert 
    into
        store_operating_hours
        (break_end_time, break_start_time, close_time, day_of_week, is_open, open_time, store_id) 
    values
        (?, ?, ?, ?, ?, ?, ?)
Hibernate: 
    insert 
    into
        store_operating_hours
        (break_end_time, break_start_time, close_time, day_of_week, is_open, open_time, store_id) 
    values
        (?, ?, ?, ?, ?, ?, ?)
Hibernate: 
    insert 
    into
        store_operating_hours
        (break_end_time, break_start_time, close_time, day_of_week, is_open, open_time, store_id) 
    values
        (?, ?, ?, ?, ?, ?, ?)
Hibernate: 
    insert 
    into
        store_operating_hours
        (break_end_time, break_start_time, close_time, day_of_week, is_open, open_time, store_id) 
    values
        (?, ?, ?, ?, ?, ?, ?)
Hibernate: 
    insert 
    into
        store_operating_hours
        (break_end_time, break_start_time, close_time, day_of_week, is_open, open_time, store_id) 
    values
        (?, ?, ?, ?, ?, ?, ?)
Hibernate: 
    insert 
    into
        store_operating_hours
        (break_end_time, break_start_time, close_time, day_of_week, is_open, open_time, store_id) 
    values
        (?, ?, ?, ?, ?, ?, ?)
Hibernate: 
    insert 
    into
        store_operating_hours
        (break_end_time, break_start_time, close_time, day_of_week, is_open, open_time, store_id) 
    values
        (?, ?, ?, ?, ?, ?, ?)
Hibernate: 
    select
        sc1_0.category_id,
        sc1_0.category_name,
        sc1_0.icon_url,
        sc1_0.parent_category_id,
        sc1_0.sort_order 
    from
        store_categories sc1_0 
    where
        sc1_0.category_name in (?)
Hibernate: 
    select
        scm1_0.category_id,
        scm1_0.store_id 
    from
        store_category_mappings scm1_0 
    where
        (
            scm1_0.category_id, scm1_0.store_id
        ) in ((?, ?))
2025-09-29T15:42:11.214+09:00  INFO 74107 --- [illoomung] [    Test worker] c.r.i.a.business.BusinessServiceImpl     : Store num: 239
2025-09-29T15:42:11.215+09:00  INFO 74107 --- [illoomung] [    Test worker] c.r.i.a.business.BusinessServiceImpl     : {매일=OperatingInfo(time=10:00 - 18:00, breakTime=null)}, []
Hibernate: 
    insert 
    into
        store_category_mappings
        (category_id, store_id) 
    values
        (?, ?)
2025-09-29T15:42:11.216+09:00  INFO 74107 --- [illoomung] [    Test worker] c.r.i.d.repository.StoresRepositoryTest  : Creating store: 모두의집사
Hibernate: 
    select
        s1_0.store_id 
    from
        stores s1_0 
    where
        s1_0.store_name=? 
        and s1_0.address_full_hash=? 
        and s1_0.address_details_hash=? 
    limit
        ?
Hibernate: 
    insert 
    into
        stores
        (address_full, address_details, address_details_hash, address_full_hash, bcode, description, instagram_url, phone, status, store_name, website_url) 
    values
        (?, ?, ?, ?, ?, ?, ?, ?, ?, ?, ?)
Hibernate: 
    insert 
    into
        store_images
        (alt_text, image_type, image_url, sort_order, store_id) 
    values
        (?, ?, ?, ?, ?)
Hibernate: 
    insert 
    into
        store_operating_hours
        (break_end_time, break_start_time, close_time, day_of_week, is_open, open_time, store_id) 
    values
        (?, ?, ?, ?, ?, ?, ?)
Hibernate: 
    insert 
    into
        store_operating_hours
        (break_end_time, break_start_time, close_time, day_of_week, is_open, open_time, store_id) 
    values
        (?, ?, ?, ?, ?, ?, ?)
Hibernate: 
    insert 
    into
        store_operating_hours
        (break_end_time, break_start_time, close_time, day_of_week, is_open, open_time, store_id) 
    values
        (?, ?, ?, ?, ?, ?, ?)
Hibernate: 
    insert 
    into
        store_operating_hours
        (break_end_time, break_start_time, close_time, day_of_week, is_open, open_time, store_id) 
    values
        (?, ?, ?, ?, ?, ?, ?)
Hibernate: 
    insert 
    into
        store_operating_hours
        (break_end_time, break_start_time, close_time, day_of_week, is_open, open_time, store_id) 
    values
        (?, ?, ?, ?, ?, ?, ?)
Hibernate: 
    insert 
    into
        store_operating_hours
        (break_end_time, break_start_time, close_time, day_of_week, is_open, open_time, store_id) 
    values
        (?, ?, ?, ?, ?, ?, ?)
Hibernate: 
    insert 
    into
        store_operating_hours
        (break_end_time, break_start_time, close_time, day_of_week, is_open, open_time, store_id) 
    values
        (?, ?, ?, ?, ?, ?, ?)
Hibernate: 
    select
        a1_0.amenity_id,
        a1_0.amenity_name,
        a1_0.created_at,
        a1_0.description,
        a1_0.icon_url,
        a1_0.sort_order,
        a1_0.status,
        a1_0.updated_at 
    from
        amenities a1_0 
    where
        a1_0.amenity_name in (?, ?, ?, ?, ?, ?)
Hibernate: 
    select
        sam1_0.amenity_id,
        sam1_0.store_id 
    from
        store_amenity_mappings sam1_0 
    where
        (
            sam1_0.amenity_id, sam1_0.store_id
        ) in ((?, ?))
Hibernate: 
    select
        sam1_0.amenity_id,
        sam1_0.store_id 
    from
        store_amenity_mappings sam1_0 
    where
        (
            sam1_0.amenity_id, sam1_0.store_id
        ) in ((?, ?))
Hibernate: 
    select
        sam1_0.amenity_id,
        sam1_0.store_id 
    from
        store_amenity_mappings sam1_0 
    where
        (
            sam1_0.amenity_id, sam1_0.store_id
        ) in ((?, ?))
Hibernate: 
    select
        sam1_0.amenity_id,
        sam1_0.store_id 
    from
        store_amenity_mappings sam1_0 
    where
        (
            sam1_0.amenity_id, sam1_0.store_id
        ) in ((?, ?))
Hibernate: 
    select
        sam1_0.amenity_id,
        sam1_0.store_id 
    from
        store_amenity_mappings sam1_0 
    where
        (
            sam1_0.amenity_id, sam1_0.store_id
        ) in ((?, ?))
Hibernate: 
    select
        sam1_0.amenity_id,
        sam1_0.store_id 
    from
        store_amenity_mappings sam1_0 
    where
        (
            sam1_0.amenity_id, sam1_0.store_id
        ) in ((?, ?))
Hibernate: 
    select
        sc1_0.category_id,
        sc1_0.category_name,
        sc1_0.icon_url,
        sc1_0.parent_category_id,
        sc1_0.sort_order 
    from
        store_categories sc1_0 
    where
        sc1_0.category_name in (?)
Hibernate: 
    select
        scm1_0.category_id,
        scm1_0.store_id 
    from
        store_category_mappings scm1_0 
    where
        (
            scm1_0.category_id, scm1_0.store_id
        ) in ((?, ?))
2025-09-29T15:42:11.262+09:00  INFO 74107 --- [illoomung] [    Test worker] c.r.i.a.business.BusinessServiceImpl     : Store num: 240
2025-09-29T15:42:11.262+09:00  INFO 74107 --- [illoomung] [    Test worker] c.r.i.a.business.BusinessServiceImpl     : {토=OperatingInfo(time=10:00 - 19:00, breakTime=null), 월=OperatingInfo(time=10:00 - 19:00, breakTime=null), 화=OperatingInfo(time=10:00 - 19:00, breakTime=null), 금=OperatingInfo(time=10:00 - 19:00, breakTime=null), 수=OperatingInfo(time=10:00 - 19:00, breakTime=null), 목=OperatingInfo(time=10:00 - 19:00, breakTime=null), 일=OperatingInfo(time=10:00 - 19:00, breakTime=null)}, [예약, 반려동물 동반, 무선 인터넷, 방문접수/출장, 간편결제, 주차]
Hibernate: 
    insert 
    into
        store_amenity_mappings
        (amenity_id, store_id) 
    values
        (?, ?)
Hibernate: 
    insert 
    into
        store_amenity_mappings
        (amenity_id, store_id) 
    values
        (?, ?)
Hibernate: 
    insert 
    into
        store_amenity_mappings
        (amenity_id, store_id) 
    values
        (?, ?)
Hibernate: 
    insert 
    into
        store_amenity_mappings
        (amenity_id, store_id) 
    values
        (?, ?)
Hibernate: 
    insert 
    into
        store_amenity_mappings
        (amenity_id, store_id) 
    values
        (?, ?)
Hibernate: 
    insert 
    into
        store_amenity_mappings
        (amenity_id, store_id) 
    values
        (?, ?)
Hibernate: 
    insert 
    into
        store_category_mappings
        (category_id, store_id) 
    values
        (?, ?)
2025-09-29T15:42:11.266+09:00  INFO 74107 --- [illoomung] [    Test worker] c.r.i.d.repository.StoresRepositoryTest  : Creating store: 본펫 플래닛
Hibernate: 
    select
        s1_0.store_id 
    from
        stores s1_0 
    where
        s1_0.store_name=? 
        and s1_0.address_full_hash=? 
        and s1_0.address_details_hash=? 
    limit
        ?
Hibernate: 
    insert 
    into
        stores
        (address_full, address_details, address_details_hash, address_full_hash, bcode, description, instagram_url, phone, status, store_name, website_url) 
    values
        (?, ?, ?, ?, ?, ?, ?, ?, ?, ?, ?)
Hibernate: 
    insert 
    into
        store_images
        (alt_text, image_type, image_url, sort_order, store_id) 
    values
        (?, ?, ?, ?, ?)
Hibernate: 
    insert 
    into
        store_operating_hours
        (break_end_time, break_start_time, close_time, day_of_week, is_open, open_time, store_id) 
    values
        (?, ?, ?, ?, ?, ?, ?)
Hibernate: 
    insert 
    into
        store_operating_hours
        (break_end_time, break_start_time, close_time, day_of_week, is_open, open_time, store_id) 
    values
        (?, ?, ?, ?, ?, ?, ?)
Hibernate: 
    insert 
    into
        store_operating_hours
        (break_end_time, break_start_time, close_time, day_of_week, is_open, open_time, store_id) 
    values
        (?, ?, ?, ?, ?, ?, ?)
Hibernate: 
    insert 
    into
        store_operating_hours
        (break_end_time, break_start_time, close_time, day_of_week, is_open, open_time, store_id) 
    values
        (?, ?, ?, ?, ?, ?, ?)
Hibernate: 
    insert 
    into
        store_operating_hours
        (break_end_time, break_start_time, close_time, day_of_week, is_open, open_time, store_id) 
    values
        (?, ?, ?, ?, ?, ?, ?)
Hibernate: 
    insert 
    into
        store_operating_hours
        (break_end_time, break_start_time, close_time, day_of_week, is_open, open_time, store_id) 
    values
        (?, ?, ?, ?, ?, ?, ?)
Hibernate: 
    insert 
    into
        store_operating_hours
        (break_end_time, break_start_time, close_time, day_of_week, is_open, open_time, store_id) 
    values
        (?, ?, ?, ?, ?, ?, ?)
Hibernate: 
    select
        a1_0.amenity_id,
        a1_0.amenity_name,
        a1_0.created_at,
        a1_0.description,
        a1_0.icon_url,
        a1_0.sort_order,
        a1_0.status,
        a1_0.updated_at 
    from
        amenities a1_0 
    where
        a1_0.amenity_name in (?, ?)
Hibernate: 
    select
        sam1_0.amenity_id,
        sam1_0.store_id 
    from
        store_amenity_mappings sam1_0 
    where
        (
            sam1_0.amenity_id, sam1_0.store_id
        ) in ((?, ?))
Hibernate: 
    select
        sam1_0.amenity_id,
        sam1_0.store_id 
    from
        store_amenity_mappings sam1_0 
    where
        (
            sam1_0.amenity_id, sam1_0.store_id
        ) in ((?, ?))
Hibernate: 
    select
        sc1_0.category_id,
        sc1_0.category_name,
        sc1_0.icon_url,
        sc1_0.parent_category_id,
        sc1_0.sort_order 
    from
        store_categories sc1_0 
    where
        sc1_0.category_name in (?)
Hibernate: 
    select
        scm1_0.category_id,
        scm1_0.store_id 
    from
        store_category_mappings scm1_0 
    where
        (
            scm1_0.category_id, scm1_0.store_id
        ) in ((?, ?))
2025-09-29T15:42:11.309+09:00  INFO 74107 --- [illoomung] [    Test worker] c.r.i.a.business.BusinessServiceImpl     : Store num: 241
2025-09-29T15:42:11.309+09:00  INFO 74107 --- [illoomung] [    Test worker] c.r.i.a.business.BusinessServiceImpl     : {매일=OperatingInfo(time=00:00 - 24:00, breakTime=null)}, [예약, 방문접수/출장]
Hibernate: 
    insert 
    into
        store_amenity_mappings
        (amenity_id, store_id) 
    values
        (?, ?)
Hibernate: 
    insert 
    into
        store_amenity_mappings
        (amenity_id, store_id) 
    values
        (?, ?)
Hibernate: 
    insert 
    into
        store_category_mappings
        (category_id, store_id) 
    values
        (?, ?)
2025-09-29T15:42:11.312+09:00  INFO 74107 --- [illoomung] [    Test worker] c.r.i.d.repository.StoresRepositoryTest  : Creating store: 변신해보개
Hibernate: 
    select
        s1_0.store_id 
    from
        stores s1_0 
    where
        s1_0.store_name=? 
        and s1_0.address_full_hash=? 
        and s1_0.address_details_hash=? 
    limit
        ?
Hibernate: 
    insert 
    into
        stores
        (address_full, address_details, address_details_hash, address_full_hash, bcode, description, instagram_url, phone, status, store_name, website_url) 
    values
        (?, ?, ?, ?, ?, ?, ?, ?, ?, ?, ?)
Hibernate: 
    insert 
    into
        store_images
        (alt_text, image_type, image_url, sort_order, store_id) 
    values
        (?, ?, ?, ?, ?)
Hibernate: 
    insert 
    into
        store_operating_hours
        (break_end_time, break_start_time, close_time, day_of_week, is_open, open_time, store_id) 
    values
        (?, ?, ?, ?, ?, ?, ?)
Hibernate: 
    insert 
    into
        store_operating_hours
        (break_end_time, break_start_time, close_time, day_of_week, is_open, open_time, store_id) 
    values
        (?, ?, ?, ?, ?, ?, ?)
Hibernate: 
    insert 
    into
        store_operating_hours
        (break_end_time, break_start_time, close_time, day_of_week, is_open, open_time, store_id) 
    values
        (?, ?, ?, ?, ?, ?, ?)
Hibernate: 
    insert 
    into
        store_operating_hours
        (break_end_time, break_start_time, close_time, day_of_week, is_open, open_time, store_id) 
    values
        (?, ?, ?, ?, ?, ?, ?)
Hibernate: 
    insert 
    into
        store_operating_hours
        (break_end_time, break_start_time, close_time, day_of_week, is_open, open_time, store_id) 
    values
        (?, ?, ?, ?, ?, ?, ?)
Hibernate: 
    insert 
    into
        store_operating_hours
        (break_end_time, break_start_time, close_time, day_of_week, is_open, open_time, store_id) 
    values
        (?, ?, ?, ?, ?, ?, ?)
Hibernate: 
    insert 
    into
        store_operating_hours
        (break_end_time, break_start_time, close_time, day_of_week, is_open, open_time, store_id) 
    values
        (?, ?, ?, ?, ?, ?, ?)
Hibernate: 
    select
        a1_0.amenity_id,
        a1_0.amenity_name,
        a1_0.created_at,
        a1_0.description,
        a1_0.icon_url,
        a1_0.sort_order,
        a1_0.status,
        a1_0.updated_at 
    from
        amenities a1_0 
    where
        a1_0.amenity_name in (?, ?, ?)
Hibernate: 
    select
        sam1_0.amenity_id,
        sam1_0.store_id 
    from
        store_amenity_mappings sam1_0 
    where
        (
            sam1_0.amenity_id, sam1_0.store_id
        ) in ((?, ?))
Hibernate: 
    select
        sam1_0.amenity_id,
        sam1_0.store_id 
    from
        store_amenity_mappings sam1_0 
    where
        (
            sam1_0.amenity_id, sam1_0.store_id
        ) in ((?, ?))
Hibernate: 
    select
        sam1_0.amenity_id,
        sam1_0.store_id 
    from
        store_amenity_mappings sam1_0 
    where
        (
            sam1_0.amenity_id, sam1_0.store_id
        ) in ((?, ?))
Hibernate: 
    select
        sc1_0.category_id,
        sc1_0.category_name,
        sc1_0.icon_url,
        sc1_0.parent_category_id,
        sc1_0.sort_order 
    from
        store_categories sc1_0 
    where
        sc1_0.category_name in (?)
Hibernate: 
    select
        scm1_0.category_id,
        scm1_0.store_id 
    from
        store_category_mappings scm1_0 
    where
        (
            scm1_0.category_id, scm1_0.store_id
        ) in ((?, ?))
2025-09-29T15:42:11.353+09:00  INFO 74107 --- [illoomung] [    Test worker] c.r.i.a.business.BusinessServiceImpl     : Store num: 242
2025-09-29T15:42:11.353+09:00  INFO 74107 --- [illoomung] [    Test worker] c.r.i.a.business.BusinessServiceImpl     : {토=OperatingInfo(time=10:00 - 20:00, breakTime=null), 월=OperatingInfo(time=10:00 - 20:00, breakTime=null), 화=OperatingInfo(time=정기휴무 (매주 화요일), breakTime=null), 금=OperatingInfo(time=10:00 - 20:00, breakTime=null), 수=OperatingInfo(time=10:00 - 20:00, breakTime=null), 목=OperatingInfo(time=10:00 - 20:00, breakTime=null), 일=OperatingInfo(time=10:00 - 20:00, breakTime=null)}, [예약, 반려동물 동반, 주차]
Hibernate: 
    insert 
    into
        store_amenity_mappings
        (amenity_id, store_id) 
    values
        (?, ?)
Hibernate: 
    insert 
    into
        store_amenity_mappings
        (amenity_id, store_id) 
    values
        (?, ?)
Hibernate: 
    insert 
    into
        store_amenity_mappings
        (amenity_id, store_id) 
    values
        (?, ?)
Hibernate: 
    insert 
    into
        store_category_mappings
        (category_id, store_id) 
    values
        (?, ?)
2025-09-29T15:42:11.355+09:00  INFO 74107 --- [illoomung] [    Test worker] c.r.i.d.repository.StoresRepositoryTest  : Creating store: 핏어펫
Hibernate: 
    select
        s1_0.store_id 
    from
        stores s1_0 
    where
        s1_0.store_name=? 
        and s1_0.address_full_hash=? 
        and s1_0.address_details_hash=? 
    limit
        ?
Hibernate: 
    insert 
    into
        stores
        (address_full, address_details, address_details_hash, address_full_hash, bcode, description, instagram_url, phone, status, store_name, website_url) 
    values
        (?, ?, ?, ?, ?, ?, ?, ?, ?, ?, ?)
Hibernate: 
    insert 
    into
        store_images
        (alt_text, image_type, image_url, sort_order, store_id) 
    values
        (?, ?, ?, ?, ?)
Hibernate: 
    insert 
    into
        store_operating_hours
        (break_end_time, break_start_time, close_time, day_of_week, is_open, open_time, store_id) 
    values
        (?, ?, ?, ?, ?, ?, ?)
Hibernate: 
    insert 
    into
        store_operating_hours
        (break_end_time, break_start_time, close_time, day_of_week, is_open, open_time, store_id) 
    values
        (?, ?, ?, ?, ?, ?, ?)
Hibernate: 
    insert 
    into
        store_operating_hours
        (break_end_time, break_start_time, close_time, day_of_week, is_open, open_time, store_id) 
    values
        (?, ?, ?, ?, ?, ?, ?)
Hibernate: 
    insert 
    into
        store_operating_hours
        (break_end_time, break_start_time, close_time, day_of_week, is_open, open_time, store_id) 
    values
        (?, ?, ?, ?, ?, ?, ?)
Hibernate: 
    insert 
    into
        store_operating_hours
        (break_end_time, break_start_time, close_time, day_of_week, is_open, open_time, store_id) 
    values
        (?, ?, ?, ?, ?, ?, ?)
Hibernate: 
    insert 
    into
        store_operating_hours
        (break_end_time, break_start_time, close_time, day_of_week, is_open, open_time, store_id) 
    values
        (?, ?, ?, ?, ?, ?, ?)
Hibernate: 
    insert 
    into
        store_operating_hours
        (break_end_time, break_start_time, close_time, day_of_week, is_open, open_time, store_id) 
    values
        (?, ?, ?, ?, ?, ?, ?)
Hibernate: 
    select
        a1_0.amenity_id,
        a1_0.amenity_name,
        a1_0.created_at,
        a1_0.description,
        a1_0.icon_url,
        a1_0.sort_order,
        a1_0.status,
        a1_0.updated_at 
    from
        amenities a1_0 
    where
        a1_0.amenity_name in (?, ?, ?, ?, ?)
Hibernate: 
    select
        sam1_0.amenity_id,
        sam1_0.store_id 
    from
        store_amenity_mappings sam1_0 
    where
        (
            sam1_0.amenity_id, sam1_0.store_id
        ) in ((?, ?))
Hibernate: 
    select
        sam1_0.amenity_id,
        sam1_0.store_id 
    from
        store_amenity_mappings sam1_0 
    where
        (
            sam1_0.amenity_id, sam1_0.store_id
        ) in ((?, ?))
Hibernate: 
    select
        sam1_0.amenity_id,
        sam1_0.store_id 
    from
        store_amenity_mappings sam1_0 
    where
        (
            sam1_0.amenity_id, sam1_0.store_id
        ) in ((?, ?))
Hibernate: 
    select
        sam1_0.amenity_id,
        sam1_0.store_id 
    from
        store_amenity_mappings sam1_0 
    where
        (
            sam1_0.amenity_id, sam1_0.store_id
        ) in ((?, ?))
Hibernate: 
    select
        sam1_0.amenity_id,
        sam1_0.store_id 
    from
        store_amenity_mappings sam1_0 
    where
        (
            sam1_0.amenity_id, sam1_0.store_id
        ) in ((?, ?))
Hibernate: 
    select
        sc1_0.category_id,
        sc1_0.category_name,
        sc1_0.icon_url,
        sc1_0.parent_category_id,
        sc1_0.sort_order 
    from
        store_categories sc1_0 
    where
        sc1_0.category_name in (?)
Hibernate: 
    select
        scm1_0.category_id,
        scm1_0.store_id 
    from
        store_category_mappings scm1_0 
    where
        (
            scm1_0.category_id, scm1_0.store_id
        ) in ((?, ?))
2025-09-29T15:42:11.402+09:00  INFO 74107 --- [illoomung] [    Test worker] c.r.i.a.business.BusinessServiceImpl     : Store num: 243
2025-09-29T15:42:11.402+09:00  INFO 74107 --- [illoomung] [    Test worker] c.r.i.a.business.BusinessServiceImpl     : {토=OperatingInfo(time=10:00 - 20:30, breakTime=null), 월=OperatingInfo(time=10:00 - 20:30, breakTime=null), 화=OperatingInfo(time=10:00 - 20:30, breakTime=null), 금=OperatingInfo(time=10:00 - 20:30, breakTime=null), 수=OperatingInfo(time=10:00 - 20:30, breakTime=null), 목=OperatingInfo(time=10:00 - 20:30, breakTime=null), 일=OperatingInfo(time=10:00 - 20:30, breakTime=null)}, [주차, 예약, 무선 인터넷, 반려동물 동반, 남/녀 화장실 구분]
Hibernate: 
    insert 
    into
        store_amenity_mappings
        (amenity_id, store_id) 
    values
        (?, ?)
Hibernate: 
    insert 
    into
        store_amenity_mappings
        (amenity_id, store_id) 
    values
        (?, ?)
Hibernate: 
    insert 
    into
        store_amenity_mappings
        (amenity_id, store_id) 
    values
        (?, ?)
Hibernate: 
    insert 
    into
        store_amenity_mappings
        (amenity_id, store_id) 
    values
        (?, ?)
Hibernate: 
    insert 
    into
        store_amenity_mappings
        (amenity_id, store_id) 
    values
        (?, ?)
Hibernate: 
    insert 
    into
        store_category_mappings
        (category_id, store_id) 
    values
        (?, ?)
2025-09-29T15:42:11.405+09:00  INFO 74107 --- [illoomung] [    Test worker] c.r.i.d.repository.StoresRepositoryTest  : Creating store: 메리몽 펫 그루밍
Hibernate: 
    select
        s1_0.store_id 
    from
        stores s1_0 
    where
        s1_0.store_name=? 
        and s1_0.address_full_hash=? 
        and s1_0.address_details_hash=? 
    limit
        ?
Hibernate: 
    insert 
    into
        stores
        (address_full, address_details, address_details_hash, address_full_hash, bcode, description, instagram_url, phone, status, store_name, website_url) 
    values
        (?, ?, ?, ?, ?, ?, ?, ?, ?, ?, ?)
Hibernate: 
    insert 
    into
        store_images
        (alt_text, image_type, image_url, sort_order, store_id) 
    values
        (?, ?, ?, ?, ?)
Hibernate: 
    insert 
    into
        store_operating_hours
        (break_end_time, break_start_time, close_time, day_of_week, is_open, open_time, store_id) 
    values
        (?, ?, ?, ?, ?, ?, ?)
Hibernate: 
    insert 
    into
        store_operating_hours
        (break_end_time, break_start_time, close_time, day_of_week, is_open, open_time, store_id) 
    values
        (?, ?, ?, ?, ?, ?, ?)
Hibernate: 
    insert 
    into
        store_operating_hours
        (break_end_time, break_start_time, close_time, day_of_week, is_open, open_time, store_id) 
    values
        (?, ?, ?, ?, ?, ?, ?)
Hibernate: 
    insert 
    into
        store_operating_hours
        (break_end_time, break_start_time, close_time, day_of_week, is_open, open_time, store_id) 
    values
        (?, ?, ?, ?, ?, ?, ?)
Hibernate: 
    insert 
    into
        store_operating_hours
        (break_end_time, break_start_time, close_time, day_of_week, is_open, open_time, store_id) 
    values
        (?, ?, ?, ?, ?, ?, ?)
Hibernate: 
    insert 
    into
        store_operating_hours
        (break_end_time, break_start_time, close_time, day_of_week, is_open, open_time, store_id) 
    values
        (?, ?, ?, ?, ?, ?, ?)
Hibernate: 
    insert 
    into
        store_operating_hours
        (break_end_time, break_start_time, close_time, day_of_week, is_open, open_time, store_id) 
    values
        (?, ?, ?, ?, ?, ?, ?)
Hibernate: 
    select
        a1_0.amenity_id,
        a1_0.amenity_name,
        a1_0.created_at,
        a1_0.description,
        a1_0.icon_url,
        a1_0.sort_order,
        a1_0.status,
        a1_0.updated_at 
    from
        amenities a1_0 
    where
        a1_0.amenity_name in (?, ?, ?, ?, ?)
Hibernate: 
    select
        sam1_0.amenity_id,
        sam1_0.store_id 
    from
        store_amenity_mappings sam1_0 
    where
        (
            sam1_0.amenity_id, sam1_0.store_id
        ) in ((?, ?))
Hibernate: 
    select
        sam1_0.amenity_id,
        sam1_0.store_id 
    from
        store_amenity_mappings sam1_0 
    where
        (
            sam1_0.amenity_id, sam1_0.store_id
        ) in ((?, ?))
Hibernate: 
    select
        sam1_0.amenity_id,
        sam1_0.store_id 
    from
        store_amenity_mappings sam1_0 
    where
        (
            sam1_0.amenity_id, sam1_0.store_id
        ) in ((?, ?))
Hibernate: 
    select
        sam1_0.amenity_id,
        sam1_0.store_id 
    from
        store_amenity_mappings sam1_0 
    where
        (
            sam1_0.amenity_id, sam1_0.store_id
        ) in ((?, ?))
Hibernate: 
    select
        sam1_0.amenity_id,
        sam1_0.store_id 
    from
        store_amenity_mappings sam1_0 
    where
        (
            sam1_0.amenity_id, sam1_0.store_id
        ) in ((?, ?))
Hibernate: 
    select
        sc1_0.category_id,
        sc1_0.category_name,
        sc1_0.icon_url,
        sc1_0.parent_category_id,
        sc1_0.sort_order 
    from
        store_categories sc1_0 
    where
        sc1_0.category_name in (?)
Hibernate: 
    select
        scm1_0.category_id,
        scm1_0.store_id 
    from
        store_category_mappings scm1_0 
    where
        (
            scm1_0.category_id, scm1_0.store_id
        ) in ((?, ?))
2025-09-29T15:42:11.449+09:00  INFO 74107 --- [illoomung] [    Test worker] c.r.i.a.business.BusinessServiceImpl     : Store num: 244
2025-09-29T15:42:11.449+09:00  INFO 74107 --- [illoomung] [    Test worker] c.r.i.a.business.BusinessServiceImpl     : {토=OperatingInfo(time=10:00 - 19:00, breakTime=null), 월=OperatingInfo(time=10:00 - 19:00, breakTime=null), 화=OperatingInfo(time=10:00 - 19:00, breakTime=null), 금=OperatingInfo(time=10:00 - 19:00, breakTime=null), 수=OperatingInfo(time=10:00 - 19:00, breakTime=null), 목=OperatingInfo(time=10:00 - 19:00, breakTime=null), 일=OperatingInfo(time=정기휴무 (매주 일요일), breakTime=null)}, [예약, 무선 인터넷, 대기공간, 간편결제, 주차]
Hibernate: 
    insert 
    into
        store_amenity_mappings
        (amenity_id, store_id) 
    values
        (?, ?)
Hibernate: 
    insert 
    into
        store_amenity_mappings
        (amenity_id, store_id) 
    values
        (?, ?)
Hibernate: 
    insert 
    into
        store_amenity_mappings
        (amenity_id, store_id) 
    values
        (?, ?)
Hibernate: 
    insert 
    into
        store_amenity_mappings
        (amenity_id, store_id) 
    values
        (?, ?)
Hibernate: 
    insert 
    into
        store_amenity_mappings
        (amenity_id, store_id) 
    values
        (?, ?)
Hibernate: 
    insert 
    into
        store_category_mappings
        (category_id, store_id) 
    values
        (?, ?)
2025-09-29T15:42:11.452+09:00  INFO 74107 --- [illoomung] [    Test worker] c.r.i.d.repository.StoresRepositoryTest  : Creating store: 카페소풍 애견유치원&애견호텔&애견돌봄
Hibernate: 
    select
        s1_0.store_id 
    from
        stores s1_0 
    where
        s1_0.store_name=? 
        and s1_0.address_full_hash=? 
        and s1_0.address_details_hash=? 
    limit
        ?
Hibernate: 
    insert 
    into
        stores
        (address_full, address_details, address_details_hash, address_full_hash, bcode, description, instagram_url, phone, status, store_name, website_url) 
    values
        (?, ?, ?, ?, ?, ?, ?, ?, ?, ?, ?)
Hibernate: 
    insert 
    into
        store_images
        (alt_text, image_type, image_url, sort_order, store_id) 
    values
        (?, ?, ?, ?, ?)
Hibernate: 
    insert 
    into
        store_operating_hours
        (break_end_time, break_start_time, close_time, day_of_week, is_open, open_time, store_id) 
    values
        (?, ?, ?, ?, ?, ?, ?)
Hibernate: 
    insert 
    into
        store_operating_hours
        (break_end_time, break_start_time, close_time, day_of_week, is_open, open_time, store_id) 
    values
        (?, ?, ?, ?, ?, ?, ?)
Hibernate: 
    insert 
    into
        store_operating_hours
        (break_end_time, break_start_time, close_time, day_of_week, is_open, open_time, store_id) 
    values
        (?, ?, ?, ?, ?, ?, ?)
Hibernate: 
    insert 
    into
        store_operating_hours
        (break_end_time, break_start_time, close_time, day_of_week, is_open, open_time, store_id) 
    values
        (?, ?, ?, ?, ?, ?, ?)
Hibernate: 
    insert 
    into
        store_operating_hours
        (break_end_time, break_start_time, close_time, day_of_week, is_open, open_time, store_id) 
    values
        (?, ?, ?, ?, ?, ?, ?)
Hibernate: 
    insert 
    into
        store_operating_hours
        (break_end_time, break_start_time, close_time, day_of_week, is_open, open_time, store_id) 
    values
        (?, ?, ?, ?, ?, ?, ?)
Hibernate: 
    insert 
    into
        store_operating_hours
        (break_end_time, break_start_time, close_time, day_of_week, is_open, open_time, store_id) 
    values
        (?, ?, ?, ?, ?, ?, ?)
Hibernate: 
    select
        a1_0.amenity_id,
        a1_0.amenity_name,
        a1_0.created_at,
        a1_0.description,
        a1_0.icon_url,
        a1_0.sort_order,
        a1_0.status,
        a1_0.updated_at 
    from
        amenities a1_0 
    where
        a1_0.amenity_name in (?, ?, ?, ?, ?, ?, ?, ?)
Hibernate: 
    select
        sam1_0.amenity_id,
        sam1_0.store_id 
    from
        store_amenity_mappings sam1_0 
    where
        (
            sam1_0.amenity_id, sam1_0.store_id
        ) in ((?, ?))
Hibernate: 
    select
        sam1_0.amenity_id,
        sam1_0.store_id 
    from
        store_amenity_mappings sam1_0 
    where
        (
            sam1_0.amenity_id, sam1_0.store_id
        ) in ((?, ?))
Hibernate: 
    select
        sam1_0.amenity_id,
        sam1_0.store_id 
    from
        store_amenity_mappings sam1_0 
    where
        (
            sam1_0.amenity_id, sam1_0.store_id
        ) in ((?, ?))
Hibernate: 
    select
        sam1_0.amenity_id,
        sam1_0.store_id 
    from
        store_amenity_mappings sam1_0 
    where
        (
            sam1_0.amenity_id, sam1_0.store_id
        ) in ((?, ?))
Hibernate: 
    select
        sam1_0.amenity_id,
        sam1_0.store_id 
    from
        store_amenity_mappings sam1_0 
    where
        (
            sam1_0.amenity_id, sam1_0.store_id
        ) in ((?, ?))
Hibernate: 
    select
        sam1_0.amenity_id,
        sam1_0.store_id 
    from
        store_amenity_mappings sam1_0 
    where
        (
            sam1_0.amenity_id, sam1_0.store_id
        ) in ((?, ?))
Hibernate: 
    select
        sam1_0.amenity_id,
        sam1_0.store_id 
    from
        store_amenity_mappings sam1_0 
    where
        (
            sam1_0.amenity_id, sam1_0.store_id
        ) in ((?, ?))
Hibernate: 
    select
        sam1_0.amenity_id,
        sam1_0.store_id 
    from
        store_amenity_mappings sam1_0 
    where
        (
            sam1_0.amenity_id, sam1_0.store_id
        ) in ((?, ?))
Hibernate: 
    select
        sc1_0.category_id,
        sc1_0.category_name,
        sc1_0.icon_url,
        sc1_0.parent_category_id,
        sc1_0.sort_order 
    from
        store_categories sc1_0 
    where
        sc1_0.category_name in (?)
Hibernate: 
    select
        scm1_0.category_id,
        scm1_0.store_id 
    from
        store_category_mappings scm1_0 
    where
        (
            scm1_0.category_id, scm1_0.store_id
        ) in ((?, ?))
2025-09-29T15:42:11.503+09:00  INFO 74107 --- [illoomung] [    Test worker] c.r.i.a.business.BusinessServiceImpl     : Store num: 245
2025-09-29T15:42:11.503+09:00  INFO 74107 --- [illoomung] [    Test worker] c.r.i.a.business.BusinessServiceImpl     : {토=OperatingInfo(time=12:00 - 19:00, breakTime=null), 월=OperatingInfo(time=08:00 - 19:00, breakTime=null), 화=OperatingInfo(time=08:00 - 19:00, breakTime=null), 금=OperatingInfo(time=08:00 - 19:00, breakTime=null), 수=OperatingInfo(time=08:00 - 19:00, breakTime=null), 목=OperatingInfo(time=08:00 - 19:00, breakTime=null), 일=OperatingInfo(time=12:00 - 19:00, breakTime=null)}, [단체 이용 가능, 예약, 반려동물 동반, 노키즈존, 남/녀 화장실 구분, 무선 인터넷, 간편결제, 주차]
Hibernate: 
    insert 
    into
        store_amenity_mappings
        (amenity_id, store_id) 
    values
        (?, ?)
Hibernate: 
    insert 
    into
        store_amenity_mappings
        (amenity_id, store_id) 
    values
        (?, ?)
Hibernate: 
    insert 
    into
        store_amenity_mappings
        (amenity_id, store_id) 
    values
        (?, ?)
Hibernate: 
    insert 
    into
        store_amenity_mappings
        (amenity_id, store_id) 
    values
        (?, ?)
Hibernate: 
    insert 
    into
        store_amenity_mappings
        (amenity_id, store_id) 
    values
        (?, ?)
Hibernate: 
    insert 
    into
        store_amenity_mappings
        (amenity_id, store_id) 
    values
        (?, ?)
Hibernate: 
    insert 
    into
        store_amenity_mappings
        (amenity_id, store_id) 
    values
        (?, ?)
Hibernate: 
    insert 
    into
        store_amenity_mappings
        (amenity_id, store_id) 
    values
        (?, ?)
Hibernate: 
    insert 
    into
        store_category_mappings
        (category_id, store_id) 
    values
        (?, ?)
2025-09-29T15:42:11.507+09:00  INFO 74107 --- [illoomung] [    Test worker] c.r.i.d.repository.StoresRepositoryTest  : Creating store: 댕데이지
Hibernate: 
    select
        s1_0.store_id 
    from
        stores s1_0 
    where
        s1_0.store_name=? 
        and s1_0.address_full_hash=? 
        and s1_0.address_details_hash=? 
    limit
        ?
Hibernate: 
    insert 
    into
        stores
        (address_full, address_details, address_details_hash, address_full_hash, bcode, description, instagram_url, phone, status, store_name, website_url) 
    values
        (?, ?, ?, ?, ?, ?, ?, ?, ?, ?, ?)
Hibernate: 
    insert 
    into
        store_images
        (alt_text, image_type, image_url, sort_order, store_id) 
    values
        (?, ?, ?, ?, ?)
Hibernate: 
    insert 
    into
        store_operating_hours
        (break_end_time, break_start_time, close_time, day_of_week, is_open, open_time, store_id) 
    values
        (?, ?, ?, ?, ?, ?, ?)
Hibernate: 
    insert 
    into
        store_operating_hours
        (break_end_time, break_start_time, close_time, day_of_week, is_open, open_time, store_id) 
    values
        (?, ?, ?, ?, ?, ?, ?)
Hibernate: 
    insert 
    into
        store_operating_hours
        (break_end_time, break_start_time, close_time, day_of_week, is_open, open_time, store_id) 
    values
        (?, ?, ?, ?, ?, ?, ?)
Hibernate: 
    insert 
    into
        store_operating_hours
        (break_end_time, break_start_time, close_time, day_of_week, is_open, open_time, store_id) 
    values
        (?, ?, ?, ?, ?, ?, ?)
Hibernate: 
    insert 
    into
        store_operating_hours
        (break_end_time, break_start_time, close_time, day_of_week, is_open, open_time, store_id) 
    values
        (?, ?, ?, ?, ?, ?, ?)
Hibernate: 
    insert 
    into
        store_operating_hours
        (break_end_time, break_start_time, close_time, day_of_week, is_open, open_time, store_id) 
    values
        (?, ?, ?, ?, ?, ?, ?)
Hibernate: 
    insert 
    into
        store_operating_hours
        (break_end_time, break_start_time, close_time, day_of_week, is_open, open_time, store_id) 
    values
        (?, ?, ?, ?, ?, ?, ?)
Hibernate: 
    select
        a1_0.amenity_id,
        a1_0.amenity_name,
        a1_0.created_at,
        a1_0.description,
        a1_0.icon_url,
        a1_0.sort_order,
        a1_0.status,
        a1_0.updated_at 
    from
        amenities a1_0 
    where
        a1_0.amenity_name in (?, ?, ?, ?)
Hibernate: 
    select
        sam1_0.amenity_id,
        sam1_0.store_id 
    from
        store_amenity_mappings sam1_0 
    where
        (
            sam1_0.amenity_id, sam1_0.store_id
        ) in ((?, ?))
Hibernate: 
    select
        sam1_0.amenity_id,
        sam1_0.store_id 
    from
        store_amenity_mappings sam1_0 
    where
        (
            sam1_0.amenity_id, sam1_0.store_id
        ) in ((?, ?))
Hibernate: 
    select
        sam1_0.amenity_id,
        sam1_0.store_id 
    from
        store_amenity_mappings sam1_0 
    where
        (
            sam1_0.amenity_id, sam1_0.store_id
        ) in ((?, ?))
Hibernate: 
    select
        sam1_0.amenity_id,
        sam1_0.store_id 
    from
        store_amenity_mappings sam1_0 
    where
        (
            sam1_0.amenity_id, sam1_0.store_id
        ) in ((?, ?))
Hibernate: 
    select
        sc1_0.category_id,
        sc1_0.category_name,
        sc1_0.icon_url,
        sc1_0.parent_category_id,
        sc1_0.sort_order 
    from
        store_categories sc1_0 
    where
        sc1_0.category_name in (?)
Hibernate: 
    select
        scm1_0.category_id,
        scm1_0.store_id 
    from
        store_category_mappings scm1_0 
    where
        (
            scm1_0.category_id, scm1_0.store_id
        ) in ((?, ?))
2025-09-29T15:42:11.549+09:00  INFO 74107 --- [illoomung] [    Test worker] c.r.i.a.business.BusinessServiceImpl     : Store num: 246
2025-09-29T15:42:11.549+09:00  INFO 74107 --- [illoomung] [    Test worker] c.r.i.a.business.BusinessServiceImpl     : {토=OperatingInfo(time=09:00 - 22:00, breakTime=null), 월=OperatingInfo(time=10:00 - 18:00, breakTime=null), 화=OperatingInfo(time=10:00 - 18:00, breakTime=null), 금=OperatingInfo(time=10:00 - 18:00, breakTime=null), 수=OperatingInfo(time=10:00 - 18:00, breakTime=null), 목=OperatingInfo(time=10:00 - 18:00, breakTime=null), 일=OperatingInfo(time=09:00 - 22:00, breakTime=null)}, [예약, 반려동물 동반, 남/녀 화장실 구분, 주차]
Hibernate: 
    insert 
    into
        store_amenity_mappings
        (amenity_id, store_id) 
    values
        (?, ?)
Hibernate: 
    insert 
    into
        store_amenity_mappings
        (amenity_id, store_id) 
    values
        (?, ?)
Hibernate: 
    insert 
    into
        store_amenity_mappings
        (amenity_id, store_id) 
    values
        (?, ?)
Hibernate: 
    insert 
    into
        store_amenity_mappings
        (amenity_id, store_id) 
    values
        (?, ?)
Hibernate: 
    insert 
    into
        store_category_mappings
        (category_id, store_id) 
    values
        (?, ?)
2025-09-29T15:42:11.552+09:00  INFO 74107 --- [illoomung] [    Test worker] c.r.i.d.repository.StoresRepositoryTest  : Creating store: 더도그살롱 야당본점
Hibernate: 
    select
        s1_0.store_id 
    from
        stores s1_0 
    where
        s1_0.store_name=? 
        and s1_0.address_full_hash=? 
        and s1_0.address_details_hash=? 
    limit
        ?
Hibernate: 
    insert 
    into
        stores
        (address_full, address_details, address_details_hash, address_full_hash, bcode, description, instagram_url, phone, status, store_name, website_url) 
    values
        (?, ?, ?, ?, ?, ?, ?, ?, ?, ?, ?)
Hibernate: 
    insert 
    into
        store_images
        (alt_text, image_type, image_url, sort_order, store_id) 
    values
        (?, ?, ?, ?, ?)
Hibernate: 
    insert 
    into
        store_operating_hours
        (break_end_time, break_start_time, close_time, day_of_week, is_open, open_time, store_id) 
    values
        (?, ?, ?, ?, ?, ?, ?)
Hibernate: 
    insert 
    into
        store_operating_hours
        (break_end_time, break_start_time, close_time, day_of_week, is_open, open_time, store_id) 
    values
        (?, ?, ?, ?, ?, ?, ?)
Hibernate: 
    insert 
    into
        store_operating_hours
        (break_end_time, break_start_time, close_time, day_of_week, is_open, open_time, store_id) 
    values
        (?, ?, ?, ?, ?, ?, ?)
Hibernate: 
    insert 
    into
        store_operating_hours
        (break_end_time, break_start_time, close_time, day_of_week, is_open, open_time, store_id) 
    values
        (?, ?, ?, ?, ?, ?, ?)
Hibernate: 
    insert 
    into
        store_operating_hours
        (break_end_time, break_start_time, close_time, day_of_week, is_open, open_time, store_id) 
    values
        (?, ?, ?, ?, ?, ?, ?)
Hibernate: 
    insert 
    into
        store_operating_hours
        (break_end_time, break_start_time, close_time, day_of_week, is_open, open_time, store_id) 
    values
        (?, ?, ?, ?, ?, ?, ?)
Hibernate: 
    insert 
    into
        store_operating_hours
        (break_end_time, break_start_time, close_time, day_of_week, is_open, open_time, store_id) 
    values
        (?, ?, ?, ?, ?, ?, ?)
Hibernate: 
    select
        a1_0.amenity_id,
        a1_0.amenity_name,
        a1_0.created_at,
        a1_0.description,
        a1_0.icon_url,
        a1_0.sort_order,
        a1_0.status,
        a1_0.updated_at 
    from
        amenities a1_0 
    where
        a1_0.amenity_name in (?, ?, ?, ?, ?)
Hibernate: 
    select
        sam1_0.amenity_id,
        sam1_0.store_id 
    from
        store_amenity_mappings sam1_0 
    where
        (
            sam1_0.amenity_id, sam1_0.store_id
        ) in ((?, ?))
Hibernate: 
    select
        sam1_0.amenity_id,
        sam1_0.store_id 
    from
        store_amenity_mappings sam1_0 
    where
        (
            sam1_0.amenity_id, sam1_0.store_id
        ) in ((?, ?))
Hibernate: 
    select
        sam1_0.amenity_id,
        sam1_0.store_id 
    from
        store_amenity_mappings sam1_0 
    where
        (
            sam1_0.amenity_id, sam1_0.store_id
        ) in ((?, ?))
Hibernate: 
    select
        sam1_0.amenity_id,
        sam1_0.store_id 
    from
        store_amenity_mappings sam1_0 
    where
        (
            sam1_0.amenity_id, sam1_0.store_id
        ) in ((?, ?))
Hibernate: 
    select
        sam1_0.amenity_id,
        sam1_0.store_id 
    from
        store_amenity_mappings sam1_0 
    where
        (
            sam1_0.amenity_id, sam1_0.store_id
        ) in ((?, ?))
Hibernate: 
    select
        sc1_0.category_id,
        sc1_0.category_name,
        sc1_0.icon_url,
        sc1_0.parent_category_id,
        sc1_0.sort_order 
    from
        store_categories sc1_0 
    where
        sc1_0.category_name in (?)
Hibernate: 
    select
        scm1_0.category_id,
        scm1_0.store_id 
    from
        store_category_mappings scm1_0 
    where
        (
            scm1_0.category_id, scm1_0.store_id
        ) in ((?, ?))
2025-09-29T15:42:11.593+09:00  INFO 74107 --- [illoomung] [    Test worker] c.r.i.a.business.BusinessServiceImpl     : Store num: 247
2025-09-29T15:42:11.593+09:00  INFO 74107 --- [illoomung] [    Test worker] c.r.i.a.business.BusinessServiceImpl     : {토=OperatingInfo(time=10:00 - 18:00, breakTime=null), 월=OperatingInfo(time=10:00 - 18:00, breakTime=null), 화=OperatingInfo(time=10:00 - 18:00, breakTime=null), 금=OperatingInfo(time=10:00 - 18:00, breakTime=null), 수=OperatingInfo(time=10:00 - 18:00, breakTime=null), 목=OperatingInfo(time=10:00 - 18:00, breakTime=null), 일=OperatingInfo(time=10:00 - 18:00, breakTime=null)}, [반려동물 동반, 남/녀 화장실 구분, 무선 인터넷, 예약, 주차]
Hibernate: 
    insert 
    into
        store_amenity_mappings
        (amenity_id, store_id) 
    values
        (?, ?)
Hibernate: 
    insert 
    into
        store_amenity_mappings
        (amenity_id, store_id) 
    values
        (?, ?)
Hibernate: 
    insert 
    into
        store_amenity_mappings
        (amenity_id, store_id) 
    values
        (?, ?)
Hibernate: 
    insert 
    into
        store_amenity_mappings
        (amenity_id, store_id) 
    values
        (?, ?)
Hibernate: 
    insert 
    into
        store_amenity_mappings
        (amenity_id, store_id) 
    values
        (?, ?)
Hibernate: 
    insert 
    into
        store_category_mappings
        (category_id, store_id) 
    values
        (?, ?)
2025-09-29T15:42:11.595+09:00  INFO 74107 --- [illoomung] [    Test worker] c.r.i.d.repository.StoresRepositoryTest  : Creating store: 멍글하우스
Hibernate: 
    select
        s1_0.store_id 
    from
        stores s1_0 
    where
        s1_0.store_name=? 
        and s1_0.address_full_hash=? 
        and s1_0.address_details_hash=? 
    limit
        ?
Hibernate: 
    insert 
    into
        stores
        (address_full, address_details, address_details_hash, address_full_hash, bcode, description, instagram_url, phone, status, store_name, website_url) 
    values
        (?, ?, ?, ?, ?, ?, ?, ?, ?, ?, ?)
Hibernate: 
    insert 
    into
        store_images
        (alt_text, image_type, image_url, sort_order, store_id) 
    values
        (?, ?, ?, ?, ?)
Hibernate: 
    insert 
    into
        store_operating_hours
        (break_end_time, break_start_time, close_time, day_of_week, is_open, open_time, store_id) 
    values
        (?, ?, ?, ?, ?, ?, ?)
Hibernate: 
    insert 
    into
        store_operating_hours
        (break_end_time, break_start_time, close_time, day_of_week, is_open, open_time, store_id) 
    values
        (?, ?, ?, ?, ?, ?, ?)
Hibernate: 
    insert 
    into
        store_operating_hours
        (break_end_time, break_start_time, close_time, day_of_week, is_open, open_time, store_id) 
    values
        (?, ?, ?, ?, ?, ?, ?)
Hibernate: 
    insert 
    into
        store_operating_hours
        (break_end_time, break_start_time, close_time, day_of_week, is_open, open_time, store_id) 
    values
        (?, ?, ?, ?, ?, ?, ?)
Hibernate: 
    insert 
    into
        store_operating_hours
        (break_end_time, break_start_time, close_time, day_of_week, is_open, open_time, store_id) 
    values
        (?, ?, ?, ?, ?, ?, ?)
Hibernate: 
    insert 
    into
        store_operating_hours
        (break_end_time, break_start_time, close_time, day_of_week, is_open, open_time, store_id) 
    values
        (?, ?, ?, ?, ?, ?, ?)
Hibernate: 
    insert 
    into
        store_operating_hours
        (break_end_time, break_start_time, close_time, day_of_week, is_open, open_time, store_id) 
    values
        (?, ?, ?, ?, ?, ?, ?)
Hibernate: 
    select
        a1_0.amenity_id,
        a1_0.amenity_name,
        a1_0.created_at,
        a1_0.description,
        a1_0.icon_url,
        a1_0.sort_order,
        a1_0.status,
        a1_0.updated_at 
    from
        amenities a1_0 
    where
        a1_0.amenity_name in (?)
Hibernate: 
    select
        sam1_0.amenity_id,
        sam1_0.store_id 
    from
        store_amenity_mappings sam1_0 
    where
        (
            sam1_0.amenity_id, sam1_0.store_id
        ) in ((?, ?))
Hibernate: 
    select
        sc1_0.category_id,
        sc1_0.category_name,
        sc1_0.icon_url,
        sc1_0.parent_category_id,
        sc1_0.sort_order 
    from
        store_categories sc1_0 
    where
        sc1_0.category_name in (?)
Hibernate: 
    select
        scm1_0.category_id,
        scm1_0.store_id 
    from
        store_category_mappings scm1_0 
    where
        (
            scm1_0.category_id, scm1_0.store_id
        ) in ((?, ?))
2025-09-29T15:42:11.633+09:00  INFO 74107 --- [illoomung] [    Test worker] c.r.i.a.business.BusinessServiceImpl     : Store num: 248
2025-09-29T15:42:11.633+09:00  INFO 74107 --- [illoomung] [    Test worker] c.r.i.a.business.BusinessServiceImpl     : {매일=OperatingInfo(time=10:00 - 19:00, breakTime=null)}, [주차]
Hibernate: 
    insert 
    into
        store_amenity_mappings
        (amenity_id, store_id) 
    values
        (?, ?)
Hibernate: 
    insert 
    into
        store_category_mappings
        (category_id, store_id) 
    values
        (?, ?)
2025-09-29T15:42:11.634+09:00  INFO 74107 --- [illoomung] [    Test worker] c.r.i.d.repository.StoresRepositoryTest  : Creating store: 코이펫
Hibernate: 
    select
        s1_0.store_id 
    from
        stores s1_0 
    where
        s1_0.store_name=? 
        and s1_0.address_full_hash=? 
        and s1_0.address_details_hash=? 
    limit
        ?
Hibernate: 
    insert 
    into
        stores
        (address_full, address_details, address_details_hash, address_full_hash, bcode, description, instagram_url, phone, status, store_name, website_url) 
    values
        (?, ?, ?, ?, ?, ?, ?, ?, ?, ?, ?)
Hibernate: 
    insert 
    into
        store_images
        (alt_text, image_type, image_url, sort_order, store_id) 
    values
        (?, ?, ?, ?, ?)
Hibernate: 
    insert 
    into
        store_operating_hours
        (break_end_time, break_start_time, close_time, day_of_week, is_open, open_time, store_id) 
    values
        (?, ?, ?, ?, ?, ?, ?)
Hibernate: 
    insert 
    into
        store_operating_hours
        (break_end_time, break_start_time, close_time, day_of_week, is_open, open_time, store_id) 
    values
        (?, ?, ?, ?, ?, ?, ?)
Hibernate: 
    insert 
    into
        store_operating_hours
        (break_end_time, break_start_time, close_time, day_of_week, is_open, open_time, store_id) 
    values
        (?, ?, ?, ?, ?, ?, ?)
Hibernate: 
    insert 
    into
        store_operating_hours
        (break_end_time, break_start_time, close_time, day_of_week, is_open, open_time, store_id) 
    values
        (?, ?, ?, ?, ?, ?, ?)
Hibernate: 
    insert 
    into
        store_operating_hours
        (break_end_time, break_start_time, close_time, day_of_week, is_open, open_time, store_id) 
    values
        (?, ?, ?, ?, ?, ?, ?)
Hibernate: 
    insert 
    into
        store_operating_hours
        (break_end_time, break_start_time, close_time, day_of_week, is_open, open_time, store_id) 
    values
        (?, ?, ?, ?, ?, ?, ?)
Hibernate: 
    insert 
    into
        store_operating_hours
        (break_end_time, break_start_time, close_time, day_of_week, is_open, open_time, store_id) 
    values
        (?, ?, ?, ?, ?, ?, ?)
Hibernate: 
    select
        a1_0.amenity_id,
        a1_0.amenity_name,
        a1_0.created_at,
        a1_0.description,
        a1_0.icon_url,
        a1_0.sort_order,
        a1_0.status,
        a1_0.updated_at 
    from
        amenities a1_0 
    where
        a1_0.amenity_name in (?, ?, ?, ?, ?, ?)
Hibernate: 
    select
        sam1_0.amenity_id,
        sam1_0.store_id 
    from
        store_amenity_mappings sam1_0 
    where
        (
            sam1_0.amenity_id, sam1_0.store_id
        ) in ((?, ?))
Hibernate: 
    select
        sam1_0.amenity_id,
        sam1_0.store_id 
    from
        store_amenity_mappings sam1_0 
    where
        (
            sam1_0.amenity_id, sam1_0.store_id
        ) in ((?, ?))
Hibernate: 
    select
        sam1_0.amenity_id,
        sam1_0.store_id 
    from
        store_amenity_mappings sam1_0 
    where
        (
            sam1_0.amenity_id, sam1_0.store_id
        ) in ((?, ?))
Hibernate: 
    select
        sam1_0.amenity_id,
        sam1_0.store_id 
    from
        store_amenity_mappings sam1_0 
    where
        (
            sam1_0.amenity_id, sam1_0.store_id
        ) in ((?, ?))
Hibernate: 
    select
        sam1_0.amenity_id,
        sam1_0.store_id 
    from
        store_amenity_mappings sam1_0 
    where
        (
            sam1_0.amenity_id, sam1_0.store_id
        ) in ((?, ?))
Hibernate: 
    select
        sam1_0.amenity_id,
        sam1_0.store_id 
    from
        store_amenity_mappings sam1_0 
    where
        (
            sam1_0.amenity_id, sam1_0.store_id
        ) in ((?, ?))
Hibernate: 
    select
        sc1_0.category_id,
        sc1_0.category_name,
        sc1_0.icon_url,
        sc1_0.parent_category_id,
        sc1_0.sort_order 
    from
        store_categories sc1_0 
    where
        sc1_0.category_name in (?)
Hibernate: 
    select
        scm1_0.category_id,
        scm1_0.store_id 
    from
        store_category_mappings scm1_0 
    where
        (
            scm1_0.category_id, scm1_0.store_id
        ) in ((?, ?))
2025-09-29T15:42:11.678+09:00  INFO 74107 --- [illoomung] [    Test worker] c.r.i.a.business.BusinessServiceImpl     : Store num: 249
2025-09-29T15:42:11.678+09:00  INFO 74107 --- [illoomung] [    Test worker] c.r.i.a.business.BusinessServiceImpl     : {토=OperatingInfo(time=09:30 - 16:00, breakTime=null), 월=OperatingInfo(time=09:30 - 18:00, breakTime=null), 화=OperatingInfo(time=정기휴무 (매주 화요일), breakTime=null), 금=OperatingInfo(time=09:30 - 18:00, breakTime=null), 수=OperatingInfo(time=09:30 - 18:00, breakTime=null), 목=OperatingInfo(time=09:30 - 18:00, breakTime=null), 일=OperatingInfo(time=09:30 - 18:00, breakTime=null)}, [무선 인터넷, 반려동물 동반, 예약, 남/녀 화장실 구분, 간편결제, 주차]
Hibernate: 
    insert 
    into
        store_amenity_mappings
        (amenity_id, store_id) 
    values
        (?, ?)
Hibernate: 
    insert 
    into
        store_amenity_mappings
        (amenity_id, store_id) 
    values
        (?, ?)
Hibernate: 
    insert 
    into
        store_amenity_mappings
        (amenity_id, store_id) 
    values
        (?, ?)
Hibernate: 
    insert 
    into
        store_amenity_mappings
        (amenity_id, store_id) 
    values
        (?, ?)
Hibernate: 
    insert 
    into
        store_amenity_mappings
        (amenity_id, store_id) 
    values
        (?, ?)
Hibernate: 
    insert 
    into
        store_amenity_mappings
        (amenity_id, store_id) 
    values
        (?, ?)
Hibernate: 
    insert 
    into
        store_category_mappings
        (category_id, store_id) 
    values
        (?, ?)
2025-09-29T15:42:11.681+09:00  INFO 74107 --- [illoomung] [    Test worker] c.r.i.d.repository.StoresRepositoryTest  : Creating store: 애견사랑
Hibernate: 
    select
        s1_0.store_id 
    from
        stores s1_0 
    where
        s1_0.store_name=? 
        and s1_0.address_full_hash=? 
        and s1_0.address_details_hash=? 
    limit
        ?
Hibernate: 
    insert 
    into
        stores
        (address_full, address_details, address_details_hash, address_full_hash, bcode, description, instagram_url, phone, status, store_name, website_url) 
    values
        (?, ?, ?, ?, ?, ?, ?, ?, ?, ?, ?)
Hibernate: 
    select
        sc1_0.category_id,
        sc1_0.category_name,
        sc1_0.icon_url,
        sc1_0.parent_category_id,
        sc1_0.sort_order 
    from
        store_categories sc1_0 
    where
        sc1_0.category_name in (?)
Hibernate: 
    select
        scm1_0.category_id,
        scm1_0.store_id 
    from
        store_category_mappings scm1_0 
    where
        (
            scm1_0.category_id, scm1_0.store_id
        ) in ((?, ?))
2025-09-29T15:42:11.714+09:00  INFO 74107 --- [illoomung] [    Test worker] c.r.i.a.business.BusinessServiceImpl     : Store num: 250
2025-09-29T15:42:11.714+09:00  INFO 74107 --- [illoomung] [    Test worker] c.r.i.a.business.BusinessServiceImpl     : {}, []
Hibernate: 
    insert 
    into
        store_category_mappings
        (category_id, store_id) 
    values
        (?, ?)
2025-09-29T15:42:11.715+09:00  INFO 74107 --- [illoomung] [    Test worker] c.r.i.d.repository.StoresRepositoryTest  : Creating store: 하룻강아지
Hibernate: 
    select
        s1_0.store_id 
    from
        stores s1_0 
    where
        s1_0.store_name=? 
        and s1_0.address_full_hash=? 
        and s1_0.address_details_hash=? 
    limit
        ?
Hibernate: 
[...]
        (amenity_id, store_id) 
    values
        (?, ?)
Hibernate: 
    insert 
    into
        store_amenity_mappings
        (amenity_id, store_id) 
    values
        (?, ?)
Hibernate: 
    insert 
    into
        store_amenity_mappings
        (amenity_id, store_id) 
    values
        (?, ?)
Hibernate: 
    insert 
    into
        store_category_mappings
        (category_id, store_id) 
    values
        (?, ?)
2025-09-29T15:42:15.550+09:00  INFO 74107 --- [illoomung] [    Test worker] c.r.i.d.repository.StoresRepositoryTest  : Creating store: 버블펫
Hibernate: 
    select
        s1_0.store_id 
    from
        stores s1_0 
    where
        s1_0.store_name=? 
        and s1_0.address_full_hash=? 
        and s1_0.address_details_hash=? 
    limit
        ?
Hibernate: 
    insert 
    into
        stores
        (address_full, address_details, address_details_hash, address_full_hash, bcode, description, instagram_url, phone, status, store_name, website_url) 
    values
        (?, ?, ?, ?, ?, ?, ?, ?, ?, ?, ?)
Hibernate: 
    insert 
    into
        store_images
        (alt_text, image_type, image_url, sort_order, store_id) 
    values
        (?, ?, ?, ?, ?)
Hibernate: 
    insert 
    into
        store_operating_hours
        (break_end_time, break_start_time, close_time, day_of_week, is_open, open_time, store_id) 
    values
        (?, ?, ?, ?, ?, ?, ?)
Hibernate: 
    insert 
    into
        store_operating_hours
        (break_end_time, break_start_time, close_time, day_of_week, is_open, open_time, store_id) 
    values
        (?, ?, ?, ?, ?, ?, ?)
Hibernate: 
    insert 
    into
        store_operating_hours
        (break_end_time, break_start_time, close_time, day_of_week, is_open, open_time, store_id) 
    values
        (?, ?, ?, ?, ?, ?, ?)
Hibernate: 
    insert 
    into
        store_operating_hours
        (break_end_time, break_start_time, close_time, day_of_week, is_open, open_time, store_id) 
    values
        (?, ?, ?, ?, ?, ?, ?)
Hibernate: 
    insert 
    into
        store_operating_hours
        (break_end_time, break_start_time, close_time, day_of_week, is_open, open_time, store_id) 
    values
        (?, ?, ?, ?, ?, ?, ?)
Hibernate: 
    insert 
    into
        store_operating_hours
        (break_end_time, break_start_time, close_time, day_of_week, is_open, open_time, store_id) 
    values
        (?, ?, ?, ?, ?, ?, ?)
Hibernate: 
    insert 
    into
        store_operating_hours
        (break_end_time, break_start_time, close_time, day_of_week, is_open, open_time, store_id) 
    values
        (?, ?, ?, ?, ?, ?, ?)
Hibernate: 
    select
        a1_0.amenity_id,
        a1_0.amenity_name,
        a1_0.created_at,
        a1_0.description,
        a1_0.icon_url,
        a1_0.sort_order,
        a1_0.status,
        a1_0.updated_at 
    from
        amenities a1_0 
    where
        a1_0.amenity_name in (?, ?, ?, ?, ?, ?, ?, ?, ?, ?)
Hibernate: 
    select
        sam1_0.amenity_id,
        sam1_0.store_id 
    from
        store_amenity_mappings sam1_0 
    where
        (
            sam1_0.amenity_id, sam1_0.store_id
        ) in ((?, ?))
Hibernate: 
    select
        sam1_0.amenity_id,
        sam1_0.store_id 
    from
        store_amenity_mappings sam1_0 
    where
        (
            sam1_0.amenity_id, sam1_0.store_id
        ) in ((?, ?))
Hibernate: 
    select
        sam1_0.amenity_id,
        sam1_0.store_id 
    from
        store_amenity_mappings sam1_0 
    where
        (
            sam1_0.amenity_id, sam1_0.store_id
        ) in ((?, ?))
Hibernate: 
    select
        sam1_0.amenity_id,
        sam1_0.store_id 
    from
        store_amenity_mappings sam1_0 
    where
        (
            sam1_0.amenity_id, sam1_0.store_id
        ) in ((?, ?))
Hibernate: 
    select
        sam1_0.amenity_id,
        sam1_0.store_id 
    from
        store_amenity_mappings sam1_0 
    where
        (
            sam1_0.amenity_id, sam1_0.store_id
        ) in ((?, ?))
Hibernate: 
    select
        sam1_0.amenity_id,
        sam1_0.store_id 
    from
        store_amenity_mappings sam1_0 
    where
        (
            sam1_0.amenity_id, sam1_0.store_id
        ) in ((?, ?))
Hibernate: 
    select
        sam1_0.amenity_id,
        sam1_0.store_id 
    from
        store_amenity_mappings sam1_0 
    where
        (
            sam1_0.amenity_id, sam1_0.store_id
        ) in ((?, ?))
Hibernate: 
    select
        sam1_0.amenity_id,
        sam1_0.store_id 
    from
        store_amenity_mappings sam1_0 
    where
        (
            sam1_0.amenity_id, sam1_0.store_id
        ) in ((?, ?))
Hibernate: 
    select
        sam1_0.amenity_id,
        sam1_0.store_id 
    from
        store_amenity_mappings sam1_0 
    where
        (
            sam1_0.amenity_id, sam1_0.store_id
        ) in ((?, ?))
Hibernate: 
    select
        sam1_0.amenity_id,
        sam1_0.store_id 
    from
        store_amenity_mappings sam1_0 
    where
        (
            sam1_0.amenity_id, sam1_0.store_id
        ) in ((?, ?))
Hibernate: 
    select
        sc1_0.category_id,
        sc1_0.category_name,
        sc1_0.icon_url,
        sc1_0.parent_category_id,
        sc1_0.sort_order 
    from
        store_categories sc1_0 
    where
        sc1_0.category_name in (?)
Hibernate: 
    select
        scm1_0.category_id,
        scm1_0.store_id 
    from
        store_category_mappings scm1_0 
    where
        (
            scm1_0.category_id, scm1_0.store_id
        ) in ((?, ?))
2025-09-29T15:42:15.588+09:00  INFO 74107 --- [illoomung] [    Test worker] c.r.i.a.business.BusinessServiceImpl     : Store num: 346
2025-09-29T15:42:15.588+09:00  INFO 74107 --- [illoomung] [    Test worker] c.r.i.a.business.BusinessServiceImpl     : {토=OperatingInfo(time=10:00 - 20:00, breakTime=null), 월=OperatingInfo(time=10:00 - 20:00, breakTime=null), 화=OperatingInfo(time=10:00 - 20:00, breakTime=null), 금=OperatingInfo(time=10:00 - 20:00, breakTime=null), 수=OperatingInfo(time=10:00 - 20:00, breakTime=null), 목=OperatingInfo(time=정기휴무 (매주 목요일), breakTime=null), 일=OperatingInfo(time=10:00 - 20:00, breakTime=null)}, [방문접수/출장, 예약, 반려동물 동반, 무선 인터넷, 남/녀 화장실 구분, 배달, 대기공간, 단체 이용 가능, 간편결제, 주차]
Hibernate: 
    insert 
    into
        store_amenity_mappings
        (amenity_id, store_id) 
    values
        (?, ?)
Hibernate: 
    insert 
    into
        store_amenity_mappings
        (amenity_id, store_id) 
    values
        (?, ?)
Hibernate: 
    insert 
    into
        store_amenity_mappings
        (amenity_id, store_id) 
    values
        (?, ?)
Hibernate: 
    insert 
    into
        store_amenity_mappings
        (amenity_id, store_id) 
    values
        (?, ?)
Hibernate: 
    insert 
    into
        store_amenity_mappings
        (amenity_id, store_id) 
    values
        (?, ?)
Hibernate: 
    insert 
    into
        store_amenity_mappings
        (amenity_id, store_id) 
    values
        (?, ?)
Hibernate: 
    insert 
    into
        store_amenity_mappings
        (amenity_id, store_id) 
    values
        (?, ?)
Hibernate: 
    insert 
    into
        store_amenity_mappings
        (amenity_id, store_id) 
    values
        (?, ?)
Hibernate: 
    insert 
    into
        store_amenity_mappings
        (amenity_id, store_id) 
    values
        (?, ?)
Hibernate: 
    insert 
    into
        store_amenity_mappings
        (amenity_id, store_id) 
    values
        (?, ?)
Hibernate: 
    insert 
    into
        store_category_mappings
        (category_id, store_id) 
    values
        (?, ?)
2025-09-29T15:42:15.591+09:00  INFO 74107 --- [illoomung] [    Test worker] c.r.i.d.repository.StoresRepositoryTest  : Creating store: 폼나개
Hibernate: 
    select
        s1_0.store_id 
    from
        stores s1_0 
    where
        s1_0.store_name=? 
        and s1_0.address_full_hash=? 
        and s1_0.address_details_hash=? 
    limit
        ?
Hibernate: 
    insert 
    into
        stores
        (address_full, address_details, address_details_hash, address_full_hash, bcode, description, instagram_url, phone, status, store_name, website_url) 
    values
        (?, ?, ?, ?, ?, ?, ?, ?, ?, ?, ?)
Hibernate: 
    insert 
    into
        store_images
        (alt_text, image_type, image_url, sort_order, store_id) 
    values
        (?, ?, ?, ?, ?)
Hibernate: 
    insert 
    into
        store_operating_hours
        (break_end_time, break_start_time, close_time, day_of_week, is_open, open_time, store_id) 
    values
        (?, ?, ?, ?, ?, ?, ?)
Hibernate: 
    insert 
    into
        store_operating_hours
        (break_end_time, break_start_time, close_time, day_of_week, is_open, open_time, store_id) 
    values
        (?, ?, ?, ?, ?, ?, ?)
Hibernate: 
    insert 
    into
        store_operating_hours
        (break_end_time, break_start_time, close_time, day_of_week, is_open, open_time, store_id) 
    values
        (?, ?, ?, ?, ?, ?, ?)
Hibernate: 
    insert 
    into
        store_operating_hours
        (break_end_time, break_start_time, close_time, day_of_week, is_open, open_time, store_id) 
    values
        (?, ?, ?, ?, ?, ?, ?)
Hibernate: 
    insert 
    into
        store_operating_hours
        (break_end_time, break_start_time, close_time, day_of_week, is_open, open_time, store_id) 
    values
        (?, ?, ?, ?, ?, ?, ?)
Hibernate: 
    insert 
    into
        store_operating_hours
        (break_end_time, break_start_time, close_time, day_of_week, is_open, open_time, store_id) 
    values
        (?, ?, ?, ?, ?, ?, ?)
Hibernate: 
    insert 
    into
        store_operating_hours
        (break_end_time, break_start_time, close_time, day_of_week, is_open, open_time, store_id) 
    values
        (?, ?, ?, ?, ?, ?, ?)
Hibernate: 
    select
        a1_0.amenity_id,
        a1_0.amenity_name,
        a1_0.created_at,
        a1_0.description,
        a1_0.icon_url,
        a1_0.sort_order,
        a1_0.status,
        a1_0.updated_at 
    from
        amenities a1_0 
    where
        a1_0.amenity_name in (?, ?, ?, ?, ?, ?, ?, ?)
Hibernate: 
    select
        sam1_0.amenity_id,
        sam1_0.store_id 
    from
        store_amenity_mappings sam1_0 
    where
        (
            sam1_0.amenity_id, sam1_0.store_id
        ) in ((?, ?))
Hibernate: 
    select
        sam1_0.amenity_id,
        sam1_0.store_id 
    from
        store_amenity_mappings sam1_0 
    where
        (
            sam1_0.amenity_id, sam1_0.store_id
        ) in ((?, ?))
Hibernate: 
    select
        sam1_0.amenity_id,
        sam1_0.store_id 
    from
        store_amenity_mappings sam1_0 
    where
        (
            sam1_0.amenity_id, sam1_0.store_id
        ) in ((?, ?))
Hibernate: 
    select
        sam1_0.amenity_id,
        sam1_0.store_id 
    from
        store_amenity_mappings sam1_0 
    where
        (
            sam1_0.amenity_id, sam1_0.store_id
        ) in ((?, ?))
Hibernate: 
    select
        sam1_0.amenity_id,
        sam1_0.store_id 
    from
        store_amenity_mappings sam1_0 
    where
        (
            sam1_0.amenity_id, sam1_0.store_id
        ) in ((?, ?))
Hibernate: 
    select
        sam1_0.amenity_id,
        sam1_0.store_id 
    from
        store_amenity_mappings sam1_0 
    where
        (
            sam1_0.amenity_id, sam1_0.store_id
        ) in ((?, ?))
Hibernate: 
    select
        sam1_0.amenity_id,
        sam1_0.store_id 
    from
        store_amenity_mappings sam1_0 
    where
        (
            sam1_0.amenity_id, sam1_0.store_id
        ) in ((?, ?))
Hibernate: 
    select
        sam1_0.amenity_id,
        sam1_0.store_id 
    from
        store_amenity_mappings sam1_0 
    where
        (
            sam1_0.amenity_id, sam1_0.store_id
        ) in ((?, ?))
Hibernate: 
    select
        sc1_0.category_id,
        sc1_0.category_name,
        sc1_0.icon_url,
        sc1_0.parent_category_id,
        sc1_0.sort_order 
    from
        store_categories sc1_0 
    where
        sc1_0.category_name in (?)
Hibernate: 
    select
        scm1_0.category_id,
        scm1_0.store_id 
    from
        store_category_mappings scm1_0 
    where
        (
            scm1_0.category_id, scm1_0.store_id
        ) in ((?, ?))
2025-09-29T15:42:15.680+09:00  INFO 74107 --- [illoomung] [    Test worker] c.r.i.a.business.BusinessServiceImpl     : Store num: 347
2025-09-29T15:42:15.680+09:00  INFO 74107 --- [illoomung] [    Test worker] c.r.i.a.business.BusinessServiceImpl     : {토=OperatingInfo(time=11:00 - 18:00, breakTime=null), 월=OperatingInfo(time=정기휴무 (매주 월요일), breakTime=null), 화=OperatingInfo(time=11:00 - 18:00, breakTime=null), 금=OperatingInfo(time=11:00 - 18:00, breakTime=null), 수=OperatingInfo(time=11:00 - 18:00, breakTime=null), 목=OperatingInfo(time=11:00 - 18:00, breakTime=null), 일=OperatingInfo(time=11:00 - 18:00, breakTime=null)}, [예약, 반려동물 동반, 남/녀 화장실 구분, 무선 인터넷, 배달, 대기공간, 간편결제, 주차]
Hibernate: 
    insert 
    into
        store_amenity_mappings
        (amenity_id, store_id) 
    values
        (?, ?)
Hibernate: 
    insert 
    into
        store_amenity_mappings
        (amenity_id, store_id) 
    values
        (?, ?)
Hibernate: 
    insert 
    into
        store_amenity_mappings
        (amenity_id, store_id) 
    values
        (?, ?)
Hibernate: 
    insert 
    into
        store_amenity_mappings
        (amenity_id, store_id) 
    values
        (?, ?)
Hibernate: 
    insert 
    into
        store_amenity_mappings
        (amenity_id, store_id) 
    values
        (?, ?)
Hibernate: 
    insert 
    into
        store_amenity_mappings
        (amenity_id, store_id) 
    values
        (?, ?)
Hibernate: 
    insert 
    into
        store_amenity_mappings
        (amenity_id, store_id) 
    values
        (?, ?)
Hibernate: 
    insert 
    into
        store_amenity_mappings
        (amenity_id, store_id) 
    values
        (?, ?)
Hibernate: 
    insert 
    into
        store_category_mappings
        (category_id, store_id) 
    values
        (?, ?)
2025-09-29T15:42:15.683+09:00  INFO 74107 --- [illoomung] [    Test worker] c.r.i.d.repository.StoresRepositoryTest  : Creating store: 도그이엔티
Hibernate: 
    select
        s1_0.store_id 
    from
        stores s1_0 
    where
        s1_0.store_name=? 
        and s1_0.address_full_hash=? 
        and s1_0.address_details_hash=? 
    limit
        ?
Hibernate: 
    insert 
    into
        stores
        (address_full, address_details, address_details_hash, address_full_hash, bcode, description, instagram_url, phone, status, store_name, website_url) 
    values
        (?, ?, ?, ?, ?, ?, ?, ?, ?, ?, ?)
Hibernate: 
    insert 
    into
        store_images
        (alt_text, image_type, image_url, sort_order, store_id) 
    values
        (?, ?, ?, ?, ?)
Hibernate: 
    insert 
    into
        store_operating_hours
        (break_end_time, break_start_time, close_time, day_of_week, is_open, open_time, store_id) 
    values
        (?, ?, ?, ?, ?, ?, ?)
Hibernate: 
    insert 
    into
        store_operating_hours
        (break_end_time, break_start_time, close_time, day_of_week, is_open, open_time, store_id) 
    values
        (?, ?, ?, ?, ?, ?, ?)
Hibernate: 
    insert 
    into
        store_operating_hours
        (break_end_time, break_start_time, close_time, day_of_week, is_open, open_time, store_id) 
    values
        (?, ?, ?, ?, ?, ?, ?)
Hibernate: 
    insert 
    into
        store_operating_hours
        (break_end_time, break_start_time, close_time, day_of_week, is_open, open_time, store_id) 
    values
        (?, ?, ?, ?, ?, ?, ?)
Hibernate: 
    insert 
    into
        store_operating_hours
        (break_end_time, break_start_time, close_time, day_of_week, is_open, open_time, store_id) 
    values
        (?, ?, ?, ?, ?, ?, ?)
Hibernate: 
    insert 
    into
        store_operating_hours
        (break_end_time, break_start_time, close_time, day_of_week, is_open, open_time, store_id) 
    values
        (?, ?, ?, ?, ?, ?, ?)
Hibernate: 
    insert 
    into
        store_operating_hours
        (break_end_time, break_start_time, close_time, day_of_week, is_open, open_time, store_id) 
    values
        (?, ?, ?, ?, ?, ?, ?)
Hibernate: 
    select
        a1_0.amenity_id,
        a1_0.amenity_name,
        a1_0.created_at,
        a1_0.description,
        a1_0.icon_url,
        a1_0.sort_order,
        a1_0.status,
        a1_0.updated_at 
    from
        amenities a1_0 
    where
        a1_0.amenity_name in (?, ?, ?, ?)
Hibernate: 
    select
        sam1_0.amenity_id,
        sam1_0.store_id 
    from
        store_amenity_mappings sam1_0 
    where
        (
            sam1_0.amenity_id, sam1_0.store_id
        ) in ((?, ?))
Hibernate: 
    select
        sam1_0.amenity_id,
        sam1_0.store_id 
    from
        store_amenity_mappings sam1_0 
    where
        (
            sam1_0.amenity_id, sam1_0.store_id
        ) in ((?, ?))
Hibernate: 
    select
        sam1_0.amenity_id,
        sam1_0.store_id 
    from
        store_amenity_mappings sam1_0 
    where
        (
            sam1_0.amenity_id, sam1_0.store_id
        ) in ((?, ?))
Hibernate: 
    select
        sam1_0.amenity_id,
        sam1_0.store_id 
    from
        store_amenity_mappings sam1_0 
    where
        (
            sam1_0.amenity_id, sam1_0.store_id
        ) in ((?, ?))
Hibernate: 
    select
        sc1_0.category_id,
        sc1_0.category_name,
        sc1_0.icon_url,
        sc1_0.parent_category_id,
        sc1_0.sort_order 
    from
        store_categories sc1_0 
    where
        sc1_0.category_name in (?)
Hibernate: 
    select
        scm1_0.category_id,
        scm1_0.store_id 
    from
        store_category_mappings scm1_0 
    where
        (
            scm1_0.category_id, scm1_0.store_id
        ) in ((?, ?))
2025-09-29T15:42:15.724+09:00  INFO 74107 --- [illoomung] [    Test worker] c.r.i.a.business.BusinessServiceImpl     : Store num: 348
2025-09-29T15:42:15.724+09:00  INFO 74107 --- [illoomung] [    Test worker] c.r.i.a.business.BusinessServiceImpl     : {토=OperatingInfo(time=10:00 - 19:00, breakTime=null), 월=OperatingInfo(time=10:00 - 19:00, breakTime=null), 화=OperatingInfo(time=정기휴무 (매주 화요일), breakTime=null), 금=OperatingInfo(time=10:00 - 19:00, breakTime=null), 수=OperatingInfo(time=10:00 - 19:00, breakTime=null), 목=OperatingInfo(time=10:00 - 19:00, breakTime=null), 일=OperatingInfo(time=10:00 - 19:00, breakTime=null)}, [주차, 무선 인터넷, 반려동물 동반, 남/녀 화장실 구분]
Hibernate: 
    insert 
    into
        store_amenity_mappings
        (amenity_id, store_id) 
    values
        (?, ?)
Hibernate: 
    insert 
    into
        store_amenity_mappings
        (amenity_id, store_id) 
    values
        (?, ?)
Hibernate: 
    insert 
    into
        store_amenity_mappings
        (amenity_id, store_id) 
    values
        (?, ?)
Hibernate: 
    insert 
    into
        store_amenity_mappings
        (amenity_id, store_id) 
    values
        (?, ?)
Hibernate: 
    insert 
    into
        store_category_mappings
        (category_id, store_id) 
    values
        (?, ?)
]]></system-out>
  <system-err><![CDATA[Mockito is currently self-attaching to enable the inline-mock-maker. This will no longer work in future releases of the JDK. Please add Mockito as an agent to your build as described in Mockito's documentation: https://javadoc.io/doc/org.mockito/mockito-core/latest/org.mockito/org/mockito/Mockito.html#0.3
WARNING: A Java agent has been loaded dynamically (/Users/junyoung/.gradle/caches/modules-2/files-2.1/net.bytebuddy/byte-buddy-agent/1.17.7/fbf3d6d649ed37fc9e9c59480a05be0a26e3c2da/byte-buddy-agent-1.17.7.jar)
WARNING: If a serviceability tool is in use, please run with -XX:+EnableDynamicAgentLoading to hide this warning
WARNING: If a serviceability tool is not in use, please run with -Djdk.instrument.traceUsage for more information
WARNING: Dynamic loading of agents will be disallowed by default in a future release
]]></system-err>
</testsuite>
